;  LST file generated by mikroListExporter - v.2.0 
; Date/Time: 2/28/2023 12:02:55 AM
;----------------------------------------------

;Address Opcode 	ASM
0x0000	0x2C67      	GOTO       1127
_interrupt:
0x0004	0x00FF      	MOVWF      R15
0x0005	0x0E03      	SWAPF      STATUS, 0
0x0006	0x0183      	CLRF       STATUS
0x0007	0x1683      	BSF        STATUS, 5
0x0008	0x00C1      	MOVWF      ___saveSTATUS
0x0009	0x080A      	MOVF       PCLATH, 0
0x000A	0x00C2      	MOVWF      ___savePCLATH
0x000B	0x018A      	CLRF       PCLATH
0x000C	0x0870      	MOVF       R0, 0
0x000D	0x1283      	BCF        STATUS, 5
0x000E	0x00A0      	MOVWF      32
;Digital_clock.c,149 :: 		void interrupt(){
;Digital_clock.c,150 :: 		if(TMR0IF_bit == 1){
0x000F	0x1D0B      	BTFSS      TMR0IF_bit, BitPos(TMR0IF_bit+0)
0x0010	0x2824      	GOTO       L_interrupt34
;Digital_clock.c,151 :: 		overflows++;
0x0011	0x0AC0      	INCF       _overflows, 1
0x0012	0x1903      	BTFSC      STATUS, 2
0x0013	0x0AC1      	INCF       _overflows+1, 1
;Digital_clock.c,152 :: 		if(overflows ==16){      // including the partial overflow it is required to complete 16 overflows for a 1 s period
0x0014	0x3000      	MOVLW      0
0x0015	0x0641      	XORWF      _overflows+1, 0
0x0016	0x1D03      	BTFSS      STATUS, 2
0x0017	0x281A      	GOTO       L__interrupt72
0x0018	0x3010      	MOVLW      16
0x0019	0x0640      	XORWF      _overflows, 0
L__interrupt72:
0x001A	0x1D03      	BTFSS      STATUS, 2
0x001B	0x2823      	GOTO       L_interrupt35
;Digital_clock.c,153 :: 		sec++;
0x001C	0x0AAE      	INCF       _sec, 1
0x001D	0x1903      	BTFSC      STATUS, 2
0x001E	0x0AAF      	INCF       _sec+1, 1
;Digital_clock.c,154 :: 		overflows = 0;
0x001F	0x01C0      	CLRF       _overflows
0x0020	0x01C1      	CLRF       _overflows+1
;Digital_clock.c,155 :: 		TMR0 = 190;
0x0021	0x30BE      	MOVLW      190
0x0022	0x0081      	MOVWF      TMR0
;Digital_clock.c,156 :: 		}
L_interrupt35:
;Digital_clock.c,157 :: 		TMR0IF_bit = 0;
0x0023	0x110B      	BCF        TMR0IF_bit, BitPos(TMR0IF_bit+0)
;Digital_clock.c,158 :: 		}
L_interrupt34:
;Digital_clock.c,159 :: 		}
L_end_interrupt:
L__interrupt71:
0x0024	0x0820      	MOVF       32, 0
0x0025	0x00F0      	MOVWF      R0
0x0026	0x1683      	BSF        STATUS, 5
0x0027	0x0842      	MOVF       ___savePCLATH, 0
0x0028	0x008A      	MOVWF      PCLATH
0x0029	0x0E41      	SWAPF      ___saveSTATUS, 0
0x002A	0x0083      	MOVWF      STATUS
0x002B	0x0EFF      	SWAPF      R15, 1
0x002C	0x0E7F      	SWAPF      R15, 0
0x002D	0x0009      	RETFIE
; end of _interrupt
_Delay_1us:
;__Lib_Delays.c,7 :: 		void Delay_1us() {
;__Lib_Delays.c,8 :: 		Delay_us(1);
0x002E	0x0000      	NOP
0x002F	0x0000      	NOP
;__Lib_Delays.c,9 :: 		}
L_end_Delay_1us:
0x0030	0x0008      	RETURN
; end of _Delay_1us
_Delay_5500us:
;__Lib_Delays.c,31 :: 		void Delay_5500us() {
;__Lib_Delays.c,32 :: 		Delay_us(5500);
0x0031	0x300F      	MOVLW      15
0x0032	0x1283      	BCF        STATUS, 5
0x0033	0x1303      	BCF        STATUS, 6
0x0034	0x00FC      	MOVWF      R12
0x0035	0x3047      	MOVLW      71
0x0036	0x00FD      	MOVWF      R13
L_Delay_5500us5:
0x0037	0x0BFD      	DECFSZ     R13, 1
0x0038	0x2837      	GOTO       L_Delay_5500us5
0x0039	0x0BFC      	DECFSZ     R12, 1
0x003A	0x2837      	GOTO       L_Delay_5500us5
0x003B	0x0000      	NOP
0x003C	0x0000      	NOP
;__Lib_Delays.c,33 :: 		}
L_end_Delay_5500us:
0x003D	0x0008      	RETURN
; end of _Delay_5500us
_Delay_50us:
;__Lib_Delays.c,19 :: 		void Delay_50us() {
;__Lib_Delays.c,20 :: 		Delay_us(50);
0x003E	0x3021      	MOVLW      33
0x003F	0x1283      	BCF        STATUS, 5
0x0040	0x1303      	BCF        STATUS, 6
0x0041	0x00FD      	MOVWF      R13
L_Delay_50us2:
0x0042	0x0BFD      	DECFSZ     R13, 1
0x0043	0x2842      	GOTO       L_Delay_50us2
;__Lib_Delays.c,21 :: 		}
L_end_Delay_50us:
0x0044	0x0008      	RETURN
; end of _Delay_50us
_Lcd_Cmd:
;__Lib_Lcd.c,18 :: 		
;__Lib_Lcd.c,20 :: 		
0x0045	0x1683      	BSF        STATUS, 5
0x0046	0x1303      	BCF        STATUS, 6
0x0047	0x1BCB      	BTFSC      FARG_Lcd_Cmd_out_char, 7
0x0048	0x284C      	GOTO       L__Lcd_Cmd21
0x0049	0x1283      	BCF        STATUS, 5
0x004A	0x1286      	BCF        LCD_D7, BitPos(LCD_D7+0)
0x004B	0x284E      	GOTO       L__Lcd_Cmd22
L__Lcd_Cmd21:
0x004C	0x1283      	BCF        STATUS, 5
0x004D	0x1686      	BSF        LCD_D7, BitPos(LCD_D7+0)
L__Lcd_Cmd22:
;__Lib_Lcd.c,21 :: 		
0x004E	0x1683      	BSF        STATUS, 5
0x004F	0x1B4B      	BTFSC      FARG_Lcd_Cmd_out_char, 6
0x0050	0x2854      	GOTO       L__Lcd_Cmd23
0x0051	0x1283      	BCF        STATUS, 5
0x0052	0x1206      	BCF        LCD_D6, BitPos(LCD_D6+0)
0x0053	0x2856      	GOTO       L__Lcd_Cmd24
L__Lcd_Cmd23:
0x0054	0x1283      	BCF        STATUS, 5
0x0055	0x1606      	BSF        LCD_D6, BitPos(LCD_D6+0)
L__Lcd_Cmd24:
;__Lib_Lcd.c,22 :: 		
0x0056	0x1683      	BSF        STATUS, 5
0x0057	0x1ACB      	BTFSC      FARG_Lcd_Cmd_out_char, 5
0x0058	0x285C      	GOTO       L__Lcd_Cmd25
0x0059	0x1283      	BCF        STATUS, 5
0x005A	0x1186      	BCF        LCD_D5, BitPos(LCD_D5+0)
0x005B	0x285E      	GOTO       L__Lcd_Cmd26
L__Lcd_Cmd25:
0x005C	0x1283      	BCF        STATUS, 5
0x005D	0x1586      	BSF        LCD_D5, BitPos(LCD_D5+0)
L__Lcd_Cmd26:
;__Lib_Lcd.c,23 :: 		
0x005E	0x1683      	BSF        STATUS, 5
0x005F	0x1A4B      	BTFSC      FARG_Lcd_Cmd_out_char, 4
0x0060	0x2864      	GOTO       L__Lcd_Cmd27
0x0061	0x1283      	BCF        STATUS, 5
0x0062	0x1106      	BCF        LCD_D4, BitPos(LCD_D4+0)
0x0063	0x2866      	GOTO       L__Lcd_Cmd28
L__Lcd_Cmd27:
0x0064	0x1283      	BCF        STATUS, 5
0x0065	0x1506      	BSF        LCD_D4, BitPos(LCD_D4+0)
L__Lcd_Cmd28:
;__Lib_Lcd.c,25 :: 		
0x0066	0x1683      	BSF        STATUS, 5
0x0067	0x1840      	BTFSC      __Lib_Lcd_cmd_status, BitPos(__Lib_Lcd_cmd_status+0)
0x0068	0x286C      	GOTO       L__Lcd_Cmd29
0x0069	0x1283      	BCF        STATUS, 5
0x006A	0x1406      	BSF        LCD_RS, BitPos(LCD_RS+0)
0x006B	0x286E      	GOTO       L__Lcd_Cmd30
L__Lcd_Cmd29:
0x006C	0x1283      	BCF        STATUS, 5
0x006D	0x1006      	BCF        LCD_RS, BitPos(LCD_RS+0)
L__Lcd_Cmd30:
;__Lib_Lcd.c,28 :: 		
0x006E	0x1486      	BSF        LCD_EN, BitPos(LCD_EN+0)
;__Lib_Lcd.c,29 :: 		
0x006F	0x202E      	CALL       _Delay_1us
;__Lib_Lcd.c,30 :: 		
0x0070	0x1086      	BCF        LCD_EN, BitPos(LCD_EN+0)
;__Lib_Lcd.c,33 :: 		
0x0071	0x1683      	BSF        STATUS, 5
0x0072	0x19CB      	BTFSC      FARG_Lcd_Cmd_out_char, 3
0x0073	0x2877      	GOTO       L__Lcd_Cmd31
0x0074	0x1283      	BCF        STATUS, 5
0x0075	0x1286      	BCF        LCD_D7, BitPos(LCD_D7+0)
0x0076	0x2879      	GOTO       L__Lcd_Cmd32
L__Lcd_Cmd31:
0x0077	0x1283      	BCF        STATUS, 5
0x0078	0x1686      	BSF        LCD_D7, BitPos(LCD_D7+0)
L__Lcd_Cmd32:
;__Lib_Lcd.c,34 :: 		
0x0079	0x1683      	BSF        STATUS, 5
0x007A	0x194B      	BTFSC      FARG_Lcd_Cmd_out_char, 2
0x007B	0x287F      	GOTO       L__Lcd_Cmd33
0x007C	0x1283      	BCF        STATUS, 5
0x007D	0x1206      	BCF        LCD_D6, BitPos(LCD_D6+0)
0x007E	0x2881      	GOTO       L__Lcd_Cmd34
L__Lcd_Cmd33:
0x007F	0x1283      	BCF        STATUS, 5
0x0080	0x1606      	BSF        LCD_D6, BitPos(LCD_D6+0)
L__Lcd_Cmd34:
;__Lib_Lcd.c,35 :: 		
0x0081	0x1683      	BSF        STATUS, 5
0x0082	0x18CB      	BTFSC      FARG_Lcd_Cmd_out_char, 1
0x0083	0x2887      	GOTO       L__Lcd_Cmd35
0x0084	0x1283      	BCF        STATUS, 5
0x0085	0x1186      	BCF        LCD_D5, BitPos(LCD_D5+0)
0x0086	0x2889      	GOTO       L__Lcd_Cmd36
L__Lcd_Cmd35:
0x0087	0x1283      	BCF        STATUS, 5
0x0088	0x1586      	BSF        LCD_D5, BitPos(LCD_D5+0)
L__Lcd_Cmd36:
;__Lib_Lcd.c,36 :: 		
0x0089	0x1683      	BSF        STATUS, 5
0x008A	0x184B      	BTFSC      FARG_Lcd_Cmd_out_char, 0
0x008B	0x288F      	GOTO       L__Lcd_Cmd37
0x008C	0x1283      	BCF        STATUS, 5
0x008D	0x1106      	BCF        LCD_D4, BitPos(LCD_D4+0)
0x008E	0x2891      	GOTO       L__Lcd_Cmd38
L__Lcd_Cmd37:
0x008F	0x1283      	BCF        STATUS, 5
0x0090	0x1506      	BSF        LCD_D4, BitPos(LCD_D4+0)
L__Lcd_Cmd38:
;__Lib_Lcd.c,38 :: 		
0x0091	0x1683      	BSF        STATUS, 5
0x0092	0x1840      	BTFSC      __Lib_Lcd_cmd_status, BitPos(__Lib_Lcd_cmd_status+0)
0x0093	0x2897      	GOTO       L__Lcd_Cmd39
0x0094	0x1283      	BCF        STATUS, 5
0x0095	0x1406      	BSF        LCD_RS, BitPos(LCD_RS+0)
0x0096	0x2899      	GOTO       L__Lcd_Cmd40
L__Lcd_Cmd39:
0x0097	0x1283      	BCF        STATUS, 5
0x0098	0x1006      	BCF        LCD_RS, BitPos(LCD_RS+0)
L__Lcd_Cmd40:
;__Lib_Lcd.c,40 :: 		
0x0099	0x1486      	BSF        LCD_EN, BitPos(LCD_EN+0)
;__Lib_Lcd.c,41 :: 		
0x009A	0x202E      	CALL       _Delay_1us
;__Lib_Lcd.c,42 :: 		
0x009B	0x1086      	BCF        LCD_EN, BitPos(LCD_EN+0)
;__Lib_Lcd.c,44 :: 		
0x009C	0x1683      	BSF        STATUS, 5
0x009D	0x1C40      	BTFSS      __Lib_Lcd_cmd_status, BitPos(__Lib_Lcd_cmd_status+0)
0x009E	0x28A1      	GOTO       L_Lcd_Cmd0
;__Lib_Lcd.c,45 :: 		
0x009F	0x2031      	CALL       _Delay_5500us
0x00A0	0x28A2      	GOTO       L_Lcd_Cmd1
L_Lcd_Cmd0:
;__Lib_Lcd.c,47 :: 		
0x00A1	0x203E      	CALL       _Delay_50us
L_Lcd_Cmd1:
;__Lib_Lcd.c,48 :: 		
L_end_Lcd_Cmd:
0x00A2	0x0008      	RETURN
; end of _Lcd_Cmd
_Div_16x16_S_L:
;__Lib_Math.c,421 :: 		
;__Lib_Math.c,427 :: 		
0x00A3	0x0D71      	RLF        R1, 0
;__Lib_Math.c,428 :: 		
0x00A4	0x0DF8      	RLF        R8, 1
;__Lib_Math.c,429 :: 		
0x00A5	0x0DF9      	RLF        R9, 1
;__Lib_Math.c,430 :: 		
0x00A6	0x0874      	MOVF       R4, 0
;__Lib_Math.c,431 :: 		
0x00A7	0x02F8      	SUBWF      R8, 1
;__Lib_Math.c,432 :: 		
0x00A8	0x0875      	MOVF       R5, 0
;__Lib_Math.c,433 :: 		
0x00A9	0x1C03      	BTFSS      STATUS, 0
;__Lib_Math.c,434 :: 		
0x00AA	0x0F75      	INCFSZ     R5, 0
;__Lib_Math.c,435 :: 		
0x00AB	0x02F9      	SUBWF      R9, 1
;__Lib_Math.c,436 :: 		
0x00AC	0x0DF0      	RLF        R0, 1
;__Lib_Math.c,437 :: 		
0x00AD	0x0DF1      	RLF        R1, 1
;__Lib_Math.c,439 :: 		
0x00AE	0x300F      	MOVLW      15
;__Lib_Math.c,440 :: 		
0x00AF	0x00FC      	MOVWF      R12
;__Lib_Math.c,442 :: 		
0x00B0	0x0D71      	RLF        R1, 0
;__Lib_Math.c,443 :: 		
0x00B1	0x0DF8      	RLF        R8, 1
;__Lib_Math.c,444 :: 		
0x00B2	0x0DF9      	RLF        R9, 1
;__Lib_Math.c,445 :: 		
0x00B3	0x0874      	MOVF       R4, 0
;__Lib_Math.c,447 :: 		
0x00B4	0x1C70      	BTFSS      R0, 0
;__Lib_Math.c,448 :: 		
0x00B5	0x28BC      	GOTO       $+7
;__Lib_Math.c,449 :: 		
0x00B6	0x02F8      	SUBWF      R8, 1
;__Lib_Math.c,450 :: 		
0x00B7	0x0875      	MOVF       R5, 0
;__Lib_Math.c,451 :: 		
0x00B8	0x1C03      	BTFSS      STATUS, 0
;__Lib_Math.c,452 :: 		
0x00B9	0x0F75      	INCFSZ     R5, 0
;__Lib_Math.c,453 :: 		
0x00BA	0x02F9      	SUBWF      R9, 1
;__Lib_Math.c,454 :: 		
0x00BB	0x28C1      	GOTO       $+6
;__Lib_Math.c,456 :: 		
0x00BC	0x07F8      	ADDWF      R8, 1
;__Lib_Math.c,457 :: 		
0x00BD	0x0875      	MOVF       R5, 0
;__Lib_Math.c,458 :: 		
0x00BE	0x1803      	BTFSC      STATUS, 0
;__Lib_Math.c,459 :: 		
0x00BF	0x0F75      	INCFSZ     R5, 0
;__Lib_Math.c,460 :: 		
0x00C0	0x07F9      	ADDWF      R9, 1
;__Lib_Math.c,462 :: 		
0x00C1	0x0DF0      	RLF        R0, 1
;__Lib_Math.c,463 :: 		
0x00C2	0x0DF1      	RLF        R1, 1
;__Lib_Math.c,465 :: 		
0x00C3	0x0BFC      	DECFSZ     R12, 1
;__Lib_Math.c,466 :: 		
0x00C4	0x28B0      	GOTO       $-20
;__Lib_Math.c,468 :: 		
0x00C5	0x1870      	BTFSC      R0, 0
;__Lib_Math.c,469 :: 		
0x00C6	0x28CD      	GOTO       $+7
;__Lib_Math.c,470 :: 		
0x00C7	0x0874      	MOVF       R4, 0
;__Lib_Math.c,471 :: 		
0x00C8	0x07F8      	ADDWF      R8, 1
;__Lib_Math.c,472 :: 		
0x00C9	0x0875      	MOVF       R5, 0
;__Lib_Math.c,473 :: 		
0x00CA	0x1803      	BTFSC      STATUS, 0
;__Lib_Math.c,474 :: 		
0x00CB	0x0F75      	INCFSZ     R5, 0
;__Lib_Math.c,475 :: 		
0x00CC	0x07F9      	ADDWF      R9, 1
;__Lib_Math.c,476 :: 		
0x00CD	0x0000      	NOP
;__Lib_Math.c,478 :: 		
L_end_Div_16x16_S_L:
0x00CE	0x0008      	RETURN
; end of _Div_16x16_S_L
_Lcd_Chr_CP:
;__Lib_Lcd.c,50 :: 		
;__Lib_Lcd.c,52 :: 		
0x00CF	0x1683      	BSF        STATUS, 5
0x00D0	0x1303      	BCF        STATUS, 6
0x00D1	0x1040      	BCF        __Lib_Lcd_cmd_status, BitPos(__Lib_Lcd_cmd_status+0)
;__Lib_Lcd.c,53 :: 		
0x00D2	0x084A      	MOVF       FARG_Lcd_Chr_CP_out_char, 0
0x00D3	0x00CB      	MOVWF      FARG_Lcd_Cmd_out_char
0x00D4	0x2045      	CALL       _Lcd_Cmd
;__Lib_Lcd.c,54 :: 		
0x00D5	0x1683      	BSF        STATUS, 5
0x00D6	0x1440      	BSF        __Lib_Lcd_cmd_status, BitPos(__Lib_Lcd_cmd_status+0)
;__Lib_Lcd.c,55 :: 		
L_end_Lcd_Chr_CP:
0x00D7	0x0008      	RETURN
; end of _Lcd_Chr_CP
_Div_16x16_S:
;__Lib_Math.c,480 :: 		
;__Lib_Math.c,488 :: 		
0x00D8	0x1283      	BCF        STATUS, 5
0x00D9	0x1303      	BCF        STATUS, 6
0x00DA	0x0874      	MOVF       R4, 0
0x00DB	0x3A00      	XORLW      0
0x00DC	0x1D03      	BTFSS      STATUS, 2
0x00DD	0x28E7      	GOTO       L_Div_16x16_S0
;__Lib_Math.c,489 :: 		
0x00DE	0x0875      	MOVF       R5, 0
0x00DF	0x3A00      	XORLW      0
0x00E0	0x1D03      	BTFSS      STATUS, 2
0x00E1	0x28E7      	GOTO       L_Div_16x16_S1
;__Lib_Math.c,490 :: 		
0x00E2	0x30FF      	MOVLW      255
0x00E3	0x00F0      	MOVWF      R0
;__Lib_Math.c,491 :: 		
0x00E4	0x307F      	MOVLW      127
0x00E5	0x00F1      	MOVWF      R1
;__Lib_Math.c,492 :: 		
0x00E6	0x2940      	GOTO       L_end_Div_16x16_S
;__Lib_Math.c,493 :: 		
L_Div_16x16_S1:
L_Div_16x16_S0:
;__Lib_Math.c,496 :: 		
0x00E7	0x1283      	BCF        STATUS, 5
;__Lib_Math.c,497 :: 		
0x00E8	0x1303      	BCF        STATUS, 6
;__Lib_Math.c,498 :: 		
0x00E9	0x01FD      	CLRF       R13
;__Lib_Math.c,499 :: 		
0x00EA	0x01F9      	CLRF       R9
;__Lib_Math.c,500 :: 		
0x00EB	0x01F8      	CLRF       R8
;__Lib_Math.c,501 :: 		
0x00EC	0x0871      	MOVF       R1, 0
;__Lib_Math.c,502 :: 		
0x00ED	0x0470      	IORWF      R0, 0
;__Lib_Math.c,503 :: 		
0x00EE	0x1903      	BTFSC      STATUS, 2
;__Lib_Math.c,504 :: 		
0x00EF	0x3400      	RETLW      0
;__Lib_Math.c,506 :: 		
0x00F0	0x0871      	MOVF       R1, 0
;__Lib_Math.c,507 :: 		
0x00F1	0x0675      	XORWF      R5, 0
;__Lib_Math.c,508 :: 		
0x00F2	0x00FA      	MOVWF      R10
;__Lib_Math.c,509 :: 		
0x00F3	0x1BFA      	BTFSC      R10, 7
;__Lib_Math.c,510 :: 		
0x00F4	0x09FD      	COMF       R13, 1
;__Lib_Math.c,512 :: 		
0x00F5	0x01FB      	CLRF       R11
;__Lib_Math.c,514 :: 		
0x00F6	0x1FF5      	BTFSS      R5, 7
;__Lib_Math.c,515 :: 		
0x00F7	0x28FD      	GOTO       $+6
;__Lib_Math.c,517 :: 		
0x00F8	0x09F4      	COMF       R4, 1
;__Lib_Math.c,518 :: 		
0x00F9	0x09F5      	COMF       R5, 1
;__Lib_Math.c,519 :: 		
0x00FA	0x0AF4      	INCF       R4, 1
;__Lib_Math.c,520 :: 		
0x00FB	0x1903      	BTFSC      STATUS, 2
;__Lib_Math.c,521 :: 		
0x00FC	0x0AF5      	INCF       R5, 1
;__Lib_Math.c,523 :: 		
0x00FD	0x1FF1      	BTFSS      R1, 7
;__Lib_Math.c,524 :: 		
0x00FE	0x2904      	GOTO       $+6
;__Lib_Math.c,526 :: 		
0x00FF	0x09F0      	COMF       R0, 1
;__Lib_Math.c,527 :: 		
0x0100	0x09F1      	COMF       R1, 1
;__Lib_Math.c,528 :: 		
0x0101	0x0AF0      	INCF       R0, 1
;__Lib_Math.c,529 :: 		
0x0102	0x1903      	BTFSC      STATUS, 2
;__Lib_Math.c,530 :: 		
0x0103	0x0AF1      	INCF       R1, 1
;__Lib_Math.c,532 :: 		
0x0104	0x0871      	MOVF       R1, 0
;__Lib_Math.c,533 :: 		
0x0105	0x0475      	IORWF      R5, 0
;__Lib_Math.c,534 :: 		
0x0106	0x00FA      	MOVWF      R10
;__Lib_Math.c,535 :: 		
0x0107	0x1BFA      	BTFSC      R10, 7
;__Lib_Math.c,536 :: 		
0x0108	0x2919      	GOTO       $+17
;__Lib_Math.c,538 :: 		
0x0109	0x20A3      	CALL       _Div_16x16_S_L
;__Lib_Math.c,540 :: 		
0x010A	0x187B      	BTFSC      R11, 0
;__Lib_Math.c,541 :: 		
0x010B	0x292C      	GOTO       $+33
;__Lib_Math.c,543 :: 		
0x010C	0x1FFD      	BTFSS      R13, 7
;__Lib_Math.c,544 :: 		
0x010D	0x3400      	RETLW      0
;__Lib_Math.c,546 :: 		
0x010E	0x09F0      	COMF       R0, 1
;__Lib_Math.c,547 :: 		
0x010F	0x09F1      	COMF       R1, 1
;__Lib_Math.c,548 :: 		
0x0110	0x0AF0      	INCF       R0, 1
;__Lib_Math.c,549 :: 		
0x0111	0x1903      	BTFSC      STATUS, 2
;__Lib_Math.c,550 :: 		
0x0112	0x0AF1      	INCF       R1, 1
;__Lib_Math.c,552 :: 		
0x0113	0x09F8      	COMF       R8, 1
;__Lib_Math.c,553 :: 		
0x0114	0x09F9      	COMF       R9, 1
;__Lib_Math.c,554 :: 		
0x0115	0x0AF8      	INCF       R8, 1
;__Lib_Math.c,555 :: 		
0x0116	0x1903      	BTFSC      STATUS, 2
;__Lib_Math.c,556 :: 		
0x0117	0x0AF9      	INCF       R9, 1
;__Lib_Math.c,558 :: 		
0x0118	0x3400      	RETLW      0
;__Lib_Math.c,560 :: 		
0x0119	0x1FF5      	BTFSS      R5, 7
;__Lib_Math.c,561 :: 		
0x011A	0x2928      	GOTO       $+14
;__Lib_Math.c,562 :: 		
0x011B	0x1BF1      	BTFSC      R1, 7
;__Lib_Math.c,563 :: 		
0x011C	0x2924      	GOTO       $+8
;__Lib_Math.c,564 :: 		
0x011D	0x0871      	MOVF       R1, 0
;__Lib_Math.c,565 :: 		
0x011E	0x00F9      	MOVWF      R9
;__Lib_Math.c,566 :: 		
0x011F	0x0870      	MOVF       R0, 0
;__Lib_Math.c,567 :: 		
0x0120	0x00F8      	MOVWF      R8
;__Lib_Math.c,568 :: 		
0x0121	0x01F1      	CLRF       R1
;__Lib_Math.c,569 :: 		
0x0122	0x01F0      	CLRF       R0
;__Lib_Math.c,570 :: 		
0x0123	0x290C      	GOTO       $-23
;__Lib_Math.c,571 :: 		
0x0124	0x01F1      	CLRF       R1
;__Lib_Math.c,572 :: 		
0x0125	0x01F0      	CLRF       R0
;__Lib_Math.c,573 :: 		
0x0126	0x0AF0      	INCF       R0, 1
;__Lib_Math.c,574 :: 		
0x0127	0x3400      	RETLW      0
;__Lib_Math.c,576 :: 		
0x0128	0x09F1      	COMF       R1, 1
;__Lib_Math.c,577 :: 		
0x0129	0x09F0      	COMF       R0, 1
;__Lib_Math.c,578 :: 		
0x012A	0x0AFB      	INCF       R11, 1
;__Lib_Math.c,579 :: 		
0x012B	0x2909      	GOTO       $-34
;__Lib_Math.c,581 :: 		
0x012C	0x0AF8      	INCF       R8, 1
;__Lib_Math.c,582 :: 		
0x012D	0x1903      	BTFSC      STATUS, 2
;__Lib_Math.c,583 :: 		
0x012E	0x0AF9      	INCF       R9, 1
;__Lib_Math.c,584 :: 		
0x012F	0x0874      	MOVF       R4, 0
;__Lib_Math.c,585 :: 		
0x0130	0x0278      	SUBWF      R8, 0
;__Lib_Math.c,586 :: 		
0x0131	0x1D03      	BTFSS      STATUS, 2
;__Lib_Math.c,587 :: 		
0x0132	0x290C      	GOTO       $-38
;__Lib_Math.c,588 :: 		
0x0133	0x0875      	MOVF       R5, 0
;__Lib_Math.c,589 :: 		
0x0134	0x0279      	SUBWF      R9, 0
;__Lib_Math.c,590 :: 		
0x0135	0x1D03      	BTFSS      STATUS, 2
;__Lib_Math.c,591 :: 		
0x0136	0x290C      	GOTO       $-42
;__Lib_Math.c,592 :: 		
0x0137	0x01F9      	CLRF       R9
;__Lib_Math.c,593 :: 		
0x0138	0x01F8      	CLRF       R8
;__Lib_Math.c,594 :: 		
0x0139	0x0AF0      	INCF       R0, 1
;__Lib_Math.c,595 :: 		
0x013A	0x1903      	BTFSC      STATUS, 2
;__Lib_Math.c,596 :: 		
0x013B	0x0AF1      	INCF       R1, 1
;__Lib_Math.c,597 :: 		
0x013C	0x1FF1      	BTFSS      R1, 7
;__Lib_Math.c,598 :: 		
0x013D	0x290C      	GOTO       $-49
;__Lib_Math.c,599 :: 		
0x013E	0x0000      	NOP
;__Lib_Math.c,600 :: 		
0x013F	0x34FF      	RETLW      255
;__Lib_Math.c,602 :: 		
L_end_Div_16x16_S:
0x0140	0x0008      	RETURN
; end of _Div_16x16_S
_Lcd_Init:
;__Lib_Lcd.c,84 :: 		
;__Lib_Lcd.c,86 :: 		
0x0141	0x1683      	BSF        STATUS, 5
0x0142	0x1303      	BCF        STATUS, 6
0x0143	0x1086      	BCF        LCD_EN_Direction, BitPos(LCD_EN_Direction+0)
;__Lib_Lcd.c,87 :: 		
0x0144	0x1006      	BCF        LCD_RS_Direction, BitPos(LCD_RS_Direction+0)
;__Lib_Lcd.c,88 :: 		
0x0145	0x1106      	BCF        LCD_D4_Direction, BitPos(LCD_D4_Direction+0)
;__Lib_Lcd.c,89 :: 		
0x0146	0x1186      	BCF        LCD_D5_Direction, BitPos(LCD_D5_Direction+0)
;__Lib_Lcd.c,90 :: 		
0x0147	0x1206      	BCF        LCD_D6_Direction, BitPos(LCD_D6_Direction+0)
;__Lib_Lcd.c,91 :: 		
0x0148	0x1286      	BCF        LCD_D7_Direction, BitPos(LCD_D7_Direction+0)
;__Lib_Lcd.c,93 :: 		
0x0149	0x1283      	BCF        STATUS, 5
0x014A	0x1086      	BCF        LCD_EN, BitPos(LCD_EN+0)
;__Lib_Lcd.c,94 :: 		
0x014B	0x1006      	BCF        LCD_RS, BitPos(LCD_RS+0)
;__Lib_Lcd.c,95 :: 		
0x014C	0x1286      	BCF        LCD_D7, BitPos(LCD_D7+0)
;__Lib_Lcd.c,96 :: 		
0x014D	0x1206      	BCF        LCD_D6, BitPos(LCD_D6+0)
;__Lib_Lcd.c,97 :: 		
0x014E	0x1186      	BCF        LCD_D5, BitPos(LCD_D5+0)
;__Lib_Lcd.c,98 :: 		
0x014F	0x1106      	BCF        LCD_D4, BitPos(LCD_D4+0)
;__Lib_Lcd.c,100 :: 		
0x0150	0x2031      	CALL       _Delay_5500us
;__Lib_Lcd.c,101 :: 		
0x0151	0x2031      	CALL       _Delay_5500us
;__Lib_Lcd.c,102 :: 		
0x0152	0x2031      	CALL       _Delay_5500us
;__Lib_Lcd.c,105 :: 		
0x0153	0x1586      	BSF        LCD_D5, BitPos(LCD_D5+0)
;__Lib_Lcd.c,106 :: 		
0x0154	0x1506      	BSF        LCD_D4, BitPos(LCD_D4+0)
;__Lib_Lcd.c,107 :: 		
0x0155	0x1486      	BSF        LCD_EN, BitPos(LCD_EN+0)
;__Lib_Lcd.c,108 :: 		
0x0156	0x202E      	CALL       _Delay_1us
;__Lib_Lcd.c,109 :: 		
0x0157	0x1086      	BCF        LCD_EN, BitPos(LCD_EN+0)
;__Lib_Lcd.c,110 :: 		
0x0158	0x2031      	CALL       _Delay_5500us
;__Lib_Lcd.c,112 :: 		
0x0159	0x1486      	BSF        LCD_EN, BitPos(LCD_EN+0)
;__Lib_Lcd.c,113 :: 		
0x015A	0x202E      	CALL       _Delay_1us
;__Lib_Lcd.c,114 :: 		
0x015B	0x1086      	BCF        LCD_EN, BitPos(LCD_EN+0)
;__Lib_Lcd.c,115 :: 		
0x015C	0x2031      	CALL       _Delay_5500us
;__Lib_Lcd.c,117 :: 		
0x015D	0x1486      	BSF        LCD_EN, BitPos(LCD_EN+0)
;__Lib_Lcd.c,118 :: 		
0x015E	0x202E      	CALL       _Delay_1us
;__Lib_Lcd.c,119 :: 		
0x015F	0x1086      	BCF        LCD_EN, BitPos(LCD_EN+0)
;__Lib_Lcd.c,120 :: 		
0x0160	0x2031      	CALL       _Delay_5500us
;__Lib_Lcd.c,123 :: 		
0x0161	0x1106      	BCF        LCD_D4, BitPos(LCD_D4+0)
;__Lib_Lcd.c,124 :: 		
0x0162	0x1486      	BSF        LCD_EN, BitPos(LCD_EN+0)
;__Lib_Lcd.c,125 :: 		
0x0163	0x202E      	CALL       _Delay_1us
;__Lib_Lcd.c,126 :: 		
0x0164	0x1086      	BCF        LCD_EN, BitPos(LCD_EN+0)
;__Lib_Lcd.c,127 :: 		
0x0165	0x2031      	CALL       _Delay_5500us
;__Lib_Lcd.c,130 :: 		
0x0166	0x1486      	BSF        LCD_EN, BitPos(LCD_EN+0)
;__Lib_Lcd.c,131 :: 		
0x0167	0x202E      	CALL       _Delay_1us
;__Lib_Lcd.c,132 :: 		
0x0168	0x1086      	BCF        LCD_EN, BitPos(LCD_EN+0)
;__Lib_Lcd.c,134 :: 		
0x0169	0x1186      	BCF        LCD_D5, BitPos(LCD_D5+0)
;__Lib_Lcd.c,135 :: 		
0x016A	0x1686      	BSF        LCD_D7, BitPos(LCD_D7+0)
;__Lib_Lcd.c,136 :: 		
0x016B	0x1486      	BSF        LCD_EN, BitPos(LCD_EN+0)
;__Lib_Lcd.c,137 :: 		
0x016C	0x202E      	CALL       _Delay_1us
;__Lib_Lcd.c,138 :: 		
0x016D	0x1086      	BCF        LCD_EN, BitPos(LCD_EN+0)
;__Lib_Lcd.c,139 :: 		
0x016E	0x2031      	CALL       _Delay_5500us
;__Lib_Lcd.c,142 :: 		
0x016F	0x1286      	BCF        LCD_D7, BitPos(LCD_D7+0)
;__Lib_Lcd.c,143 :: 		
0x0170	0x1506      	BSF        LCD_D4, BitPos(LCD_D4+0)
;__Lib_Lcd.c,144 :: 		
0x0171	0x1486      	BSF        LCD_EN, BitPos(LCD_EN+0)
;__Lib_Lcd.c,145 :: 		
0x0172	0x202E      	CALL       _Delay_1us
;__Lib_Lcd.c,146 :: 		
0x0173	0x1086      	BCF        LCD_EN, BitPos(LCD_EN+0)
;__Lib_Lcd.c,148 :: 		
0x0174	0x1106      	BCF        LCD_D4, BitPos(LCD_D4+0)
;__Lib_Lcd.c,149 :: 		
0x0175	0x1486      	BSF        LCD_EN, BitPos(LCD_EN+0)
;__Lib_Lcd.c,150 :: 		
0x0176	0x202E      	CALL       _Delay_1us
;__Lib_Lcd.c,151 :: 		
0x0177	0x1086      	BCF        LCD_EN, BitPos(LCD_EN+0)
;__Lib_Lcd.c,152 :: 		
0x0178	0x2031      	CALL       _Delay_5500us
;__Lib_Lcd.c,155 :: 		
0x0179	0x1486      	BSF        LCD_EN, BitPos(LCD_EN+0)
;__Lib_Lcd.c,156 :: 		
0x017A	0x202E      	CALL       _Delay_1us
;__Lib_Lcd.c,157 :: 		
0x017B	0x1086      	BCF        LCD_EN, BitPos(LCD_EN+0)
;__Lib_Lcd.c,159 :: 		
0x017C	0x1506      	BSF        LCD_D4, BitPos(LCD_D4+0)
;__Lib_Lcd.c,160 :: 		
0x017D	0x1486      	BSF        LCD_EN, BitPos(LCD_EN+0)
;__Lib_Lcd.c,161 :: 		
0x017E	0x202E      	CALL       _Delay_1us
;__Lib_Lcd.c,162 :: 		
0x017F	0x1086      	BCF        LCD_EN, BitPos(LCD_EN+0)
;__Lib_Lcd.c,163 :: 		
0x0180	0x2031      	CALL       _Delay_5500us
;__Lib_Lcd.c,166 :: 		
0x0181	0x1106      	BCF        LCD_D4, BitPos(LCD_D4+0)
;__Lib_Lcd.c,167 :: 		
0x0182	0x1486      	BSF        LCD_EN, BitPos(LCD_EN+0)
;__Lib_Lcd.c,168 :: 		
0x0183	0x202E      	CALL       _Delay_1us
;__Lib_Lcd.c,169 :: 		
0x0184	0x1086      	BCF        LCD_EN, BitPos(LCD_EN+0)
;__Lib_Lcd.c,171 :: 		
0x0185	0x1686      	BSF        LCD_D7, BitPos(LCD_D7+0)
;__Lib_Lcd.c,172 :: 		
0x0186	0x1606      	BSF        LCD_D6, BitPos(LCD_D6+0)
;__Lib_Lcd.c,173 :: 		
0x0187	0x1586      	BSF        LCD_D5, BitPos(LCD_D5+0)
;__Lib_Lcd.c,174 :: 		
0x0188	0x1506      	BSF        LCD_D4, BitPos(LCD_D4+0)
;__Lib_Lcd.c,175 :: 		
0x0189	0x1486      	BSF        LCD_EN, BitPos(LCD_EN+0)
;__Lib_Lcd.c,176 :: 		
0x018A	0x202E      	CALL       _Delay_1us
;__Lib_Lcd.c,177 :: 		
0x018B	0x1086      	BCF        LCD_EN, BitPos(LCD_EN+0)
;__Lib_Lcd.c,179 :: 		
0x018C	0x2031      	CALL       _Delay_5500us
;__Lib_Lcd.c,181 :: 		
0x018D	0x1683      	BSF        STATUS, 5
0x018E	0x1440      	BSF        __Lib_Lcd_cmd_status, BitPos(__Lib_Lcd_cmd_status+0)
;__Lib_Lcd.c,182 :: 		
L_end_Lcd_Init:
0x018F	0x0008      	RETURN
; end of _Lcd_Init
_Lcd_Out:
;__Lib_Lcd.c,184 :: 		
;__Lib_Lcd.c,187 :: 		
0x0190	0x29A2      	GOTO       L_Lcd_Out11
;__Lib_Lcd.c,188 :: 		
L_Lcd_Out13:
0x0191	0x3080      	MOVLW      128
0x0192	0x1683      	BSF        STATUS, 5
0x0193	0x1303      	BCF        STATUS, 6
0x0194	0x00C6      	MOVWF      FARG_Lcd_Out_row
0x0195	0x29B5      	GOTO       L_Lcd_Out12
;__Lib_Lcd.c,189 :: 		
L_Lcd_Out14:
0x0196	0x30C0      	MOVLW      192
0x0197	0x00C6      	MOVWF      FARG_Lcd_Out_row
0x0198	0x29B5      	GOTO       L_Lcd_Out12
;__Lib_Lcd.c,190 :: 		
L_Lcd_Out15:
0x0199	0x3094      	MOVLW      148
0x019A	0x00C6      	MOVWF      FARG_Lcd_Out_row
0x019B	0x29B5      	GOTO       L_Lcd_Out12
;__Lib_Lcd.c,191 :: 		
L_Lcd_Out16:
0x019C	0x30D4      	MOVLW      212
0x019D	0x00C6      	MOVWF      FARG_Lcd_Out_row
0x019E	0x29B5      	GOTO       L_Lcd_Out12
;__Lib_Lcd.c,192 :: 		
L_Lcd_Out17:
0x019F	0x3080      	MOVLW      128
0x01A0	0x00C6      	MOVWF      FARG_Lcd_Out_row
;__Lib_Lcd.c,193 :: 		
0x01A1	0x29B5      	GOTO       L_Lcd_Out12
L_Lcd_Out11:
0x01A2	0x1683      	BSF        STATUS, 5
0x01A3	0x1303      	BCF        STATUS, 6
0x01A4	0x0846      	MOVF       FARG_Lcd_Out_row, 0
0x01A5	0x3A01      	XORLW      1
0x01A6	0x1903      	BTFSC      STATUS, 2
0x01A7	0x2991      	GOTO       L_Lcd_Out13
0x01A8	0x0846      	MOVF       FARG_Lcd_Out_row, 0
0x01A9	0x3A02      	XORLW      2
0x01AA	0x1903      	BTFSC      STATUS, 2
0x01AB	0x2996      	GOTO       L_Lcd_Out14
0x01AC	0x0846      	MOVF       FARG_Lcd_Out_row, 0
0x01AD	0x3A03      	XORLW      3
0x01AE	0x1903      	BTFSC      STATUS, 2
0x01AF	0x2999      	GOTO       L_Lcd_Out15
0x01B0	0x0846      	MOVF       FARG_Lcd_Out_row, 0
0x01B1	0x3A04      	XORLW      4
0x01B2	0x1903      	BTFSC      STATUS, 2
0x01B3	0x299C      	GOTO       L_Lcd_Out16
0x01B4	0x299F      	GOTO       L_Lcd_Out17
L_Lcd_Out12:
;__Lib_Lcd.c,194 :: 		
0x01B5	0x0347      	DECF       FARG_Lcd_Out_column, 0
0x01B6	0x00F0      	MOVWF      R0
0x01B7	0x0846      	MOVF       FARG_Lcd_Out_row, 0
0x01B8	0x07F0      	ADDWF      R0, 1
0x01B9	0x0870      	MOVF       R0, 0
0x01BA	0x00C6      	MOVWF      FARG_Lcd_Out_row
;__Lib_Lcd.c,196 :: 		
0x01BB	0x0870      	MOVF       R0, 0
0x01BC	0x00CB      	MOVWF      FARG_Lcd_Cmd_out_char
0x01BD	0x2045      	CALL       _Lcd_Cmd
;__Lib_Lcd.c,197 :: 		
0x01BE	0x1683      	BSF        STATUS, 5
0x01BF	0x1040      	BCF        __Lib_Lcd_cmd_status, BitPos(__Lib_Lcd_cmd_status+0)
;__Lib_Lcd.c,198 :: 		
0x01C0	0x01C9      	CLRF       Lcd_Out_i_L0
;__Lib_Lcd.c,199 :: 		
L_Lcd_Out18:
0x01C1	0x0849      	MOVF       Lcd_Out_i_L0, 0
0x01C2	0x0748      	ADDWF      FARG_Lcd_Out_text, 0
0x01C3	0x0084      	MOVWF      FSR
0x01C4	0x0800      	MOVF       INDF, 0
0x01C5	0x1903      	BTFSC      STATUS, 2
0x01C6	0x29CF      	GOTO       L_Lcd_Out19
;__Lib_Lcd.c,200 :: 		
0x01C7	0x0849      	MOVF       Lcd_Out_i_L0, 0
0x01C8	0x0748      	ADDWF      FARG_Lcd_Out_text, 0
0x01C9	0x0084      	MOVWF      FSR
0x01CA	0x0800      	MOVF       INDF, 0
0x01CB	0x00CA      	MOVWF      FARG_Lcd_Chr_CP_out_char
0x01CC	0x20CF      	CALL       _Lcd_Chr_CP
0x01CD	0x0AC9      	INCF       Lcd_Out_i_L0, 1
0x01CE	0x29C1      	GOTO       L_Lcd_Out18
L_Lcd_Out19:
;__Lib_Lcd.c,201 :: 		
0x01CF	0x1440      	BSF        __Lib_Lcd_cmd_status, BitPos(__Lib_Lcd_cmd_status+0)
;__Lib_Lcd.c,202 :: 		
L_end_Lcd_Out:
0x01D0	0x0008      	RETURN
; end of _Lcd_Out
_____DoICP:
;__Lib_System.c,6 :: 		
;__Lib_System.c,9 :: 		
0x01D1	0x1683      	BSF        STATUS, 5
0x01D2	0x1303      	BCF        STATUS, 6
0x01D3	0x083D      	MOVF       ___DoICPAddr+1, 0
0x01D4	0x008A      	MOVWF      PCLATH
;__Lib_System.c,10 :: 		
0x01D5	0x083C      	MOVF       ___DoICPAddr, 0
0x01D6	0x0082      	MOVWF      PCL
;__Lib_System.c,12 :: 		
L_end_____DoICP:
0x01D7	0x0008      	RETURN
; end of _____DoICP
_set_date:
;Digital_clock.c,69 :: 		void set_date(){
;Digital_clock.c,71 :: 		if (day > 31) {
0x01D8	0x3080      	MOVLW      128
0x01D9	0x1283      	BCF        STATUS, 5
0x01DA	0x1303      	BCF        STATUS, 6
0x01DB	0x00F0      	MOVWF      R0
0x01DC	0x3080      	MOVLW      128
0x01DD	0x0635      	XORWF      _day+1, 0
0x01DE	0x0270      	SUBWF      R0, 0
0x01DF	0x1D03      	BTFSS      STATUS, 2
0x01E0	0x29E3      	GOTO       L__set_date53
0x01E1	0x0834      	MOVF       _day, 0
0x01E2	0x3C1F      	SUBLW      31
L__set_date53:
0x01E3	0x1803      	BTFSC      STATUS, 0
0x01E4	0x29ED      	GOTO       L_set_date3
;Digital_clock.c,72 :: 		month++;
0x01E5	0x0AAC      	INCF       _month, 1
0x01E6	0x1903      	BTFSC      STATUS, 2
0x01E7	0x0AAD      	INCF       _month+1, 1
;Digital_clock.c,73 :: 		day = 1; // reset to 1 after 31
0x01E8	0x3001      	MOVLW      1
0x01E9	0x00B4      	MOVWF      _day
0x01EA	0x3000      	MOVLW      0
0x01EB	0x00B5      	MOVWF      _day+1
;Digital_clock.c,74 :: 		}
0x01EC	0x2A8E      	GOTO       L_set_date4
L_set_date3:
;Digital_clock.c,75 :: 		else if (day == 31 && (month == 4 || month == 6 || month == 9 || month == 11)) {
0x01ED	0x3000      	MOVLW      0
0x01EE	0x0635      	XORWF      _day+1, 0
0x01EF	0x1D03      	BTFSS      STATUS, 2
0x01F0	0x29F3      	GOTO       L__set_date54
0x01F1	0x301F      	MOVLW      31
0x01F2	0x0634      	XORWF      _day, 0
L__set_date54:
0x01F3	0x1D03      	BTFSS      STATUS, 2
0x01F4	0x2A1E      	GOTO       L_set_date9
0x01F5	0x3000      	MOVLW      0
0x01F6	0x062D      	XORWF      _month+1, 0
0x01F7	0x1D03      	BTFSS      STATUS, 2
0x01F8	0x29FB      	GOTO       L__set_date55
0x01F9	0x3004      	MOVLW      4
0x01FA	0x062C      	XORWF      _month, 0
L__set_date55:
0x01FB	0x1903      	BTFSC      STATUS, 2
0x01FC	0x2A16      	GOTO       L__set_date45
0x01FD	0x3000      	MOVLW      0
0x01FE	0x062D      	XORWF      _month+1, 0
0x01FF	0x1D03      	BTFSS      STATUS, 2
0x0200	0x2A03      	GOTO       L__set_date56
0x0201	0x3006      	MOVLW      6
0x0202	0x062C      	XORWF      _month, 0
L__set_date56:
0x0203	0x1903      	BTFSC      STATUS, 2
0x0204	0x2A16      	GOTO       L__set_date45
0x0205	0x3000      	MOVLW      0
0x0206	0x062D      	XORWF      _month+1, 0
0x0207	0x1D03      	BTFSS      STATUS, 2
0x0208	0x2A0B      	GOTO       L__set_date57
0x0209	0x3009      	MOVLW      9
0x020A	0x062C      	XORWF      _month, 0
L__set_date57:
0x020B	0x1903      	BTFSC      STATUS, 2
0x020C	0x2A16      	GOTO       L__set_date45
0x020D	0x3000      	MOVLW      0
0x020E	0x062D      	XORWF      _month+1, 0
0x020F	0x1D03      	BTFSS      STATUS, 2
0x0210	0x2A13      	GOTO       L__set_date58
0x0211	0x300B      	MOVLW      11
0x0212	0x062C      	XORWF      _month, 0
L__set_date58:
0x0213	0x1903      	BTFSC      STATUS, 2
0x0214	0x2A16      	GOTO       L__set_date45
0x0215	0x2A1E      	GOTO       L_set_date9
L__set_date45:
L__set_date44:
;Digital_clock.c,76 :: 		month++;
0x0216	0x0AAC      	INCF       _month, 1
0x0217	0x1903      	BTFSC      STATUS, 2
0x0218	0x0AAD      	INCF       _month+1, 1
;Digital_clock.c,77 :: 		day = 1; // reset to 1 after 30 for months with 30 days
0x0219	0x3001      	MOVLW      1
0x021A	0x00B4      	MOVWF      _day
0x021B	0x3000      	MOVLW      0
0x021C	0x00B5      	MOVWF      _day+1
;Digital_clock.c,78 :: 		}
0x021D	0x2A8E      	GOTO       L_set_date10
L_set_date9:
;Digital_clock.c,79 :: 		else if (day == 30 && month == 2) {
0x021E	0x3000      	MOVLW      0
0x021F	0x0635      	XORWF      _day+1, 0
0x0220	0x1D03      	BTFSS      STATUS, 2
0x0221	0x2A24      	GOTO       L__set_date59
0x0222	0x301E      	MOVLW      30
0x0223	0x0634      	XORWF      _day, 0
L__set_date59:
0x0224	0x1D03      	BTFSS      STATUS, 2
0x0225	0x2A36      	GOTO       L_set_date13
0x0226	0x3000      	MOVLW      0
0x0227	0x062D      	XORWF      _month+1, 0
0x0228	0x1D03      	BTFSS      STATUS, 2
0x0229	0x2A2C      	GOTO       L__set_date60
0x022A	0x3002      	MOVLW      2
0x022B	0x062C      	XORWF      _month, 0
L__set_date60:
0x022C	0x1D03      	BTFSS      STATUS, 2
0x022D	0x2A36      	GOTO       L_set_date13
L__set_date43:
;Digital_clock.c,80 :: 		month++;
0x022E	0x0AAC      	INCF       _month, 1
0x022F	0x1903      	BTFSC      STATUS, 2
0x0230	0x0AAD      	INCF       _month+1, 1
;Digital_clock.c,81 :: 		day = 1; // reset to 1 after 29 for February
0x0231	0x3001      	MOVLW      1
0x0232	0x00B4      	MOVWF      _day
0x0233	0x3000      	MOVLW      0
0x0234	0x00B5      	MOVWF      _day+1
;Digital_clock.c,82 :: 		}
0x0235	0x2A8E      	GOTO       L_set_date14
L_set_date13:
;Digital_clock.c,83 :: 		else if (day == 29 && month == 2 && (year%4 != 0 || (year%100 == 0 && year%400 != 0))) {
0x0236	0x3000      	MOVLW      0
0x0237	0x0635      	XORWF      _day+1, 0
0x0238	0x1D03      	BTFSS      STATUS, 2
0x0239	0x2A3C      	GOTO       L__set_date61
0x023A	0x301D      	MOVLW      29
0x023B	0x0634      	XORWF      _day, 0
L__set_date61:
0x023C	0x1D03      	BTFSS      STATUS, 2
0x023D	0x2A8E      	GOTO       L_set_date21
0x023E	0x3000      	MOVLW      0
0x023F	0x062D      	XORWF      _month+1, 0
0x0240	0x1D03      	BTFSS      STATUS, 2
0x0241	0x2A44      	GOTO       L__set_date62
0x0242	0x3002      	MOVLW      2
0x0243	0x062C      	XORWF      _month, 0
L__set_date62:
0x0244	0x1D03      	BTFSS      STATUS, 2
0x0245	0x2A8E      	GOTO       L_set_date21
0x0246	0x3004      	MOVLW      4
0x0247	0x00F4      	MOVWF      R4
0x0248	0x3000      	MOVLW      0
0x0249	0x00F5      	MOVWF      R4+1
0x024A	0x082A      	MOVF       _year, 0
0x024B	0x00F0      	MOVWF      R0
0x024C	0x082B      	MOVF       _year+1, 0
0x024D	0x00F1      	MOVWF      R0+1
0x024E	0x20D8      	CALL       _Div_16x16_S
0x024F	0x0878      	MOVF       R8, 0
0x0250	0x00F0      	MOVWF      R0
0x0251	0x0879      	MOVF       R8+1, 0
0x0252	0x00F1      	MOVWF      R0+1
0x0253	0x3000      	MOVLW      0
0x0254	0x0671      	XORWF      R0+1, 0
0x0255	0x1D03      	BTFSS      STATUS, 2
0x0256	0x2A59      	GOTO       L__set_date63
0x0257	0x3000      	MOVLW      0
0x0258	0x0670      	XORWF      R0, 0
L__set_date63:
0x0259	0x1D03      	BTFSS      STATUS, 2
0x025A	0x2A87      	GOTO       L__set_date41
0x025B	0x3064      	MOVLW      100
0x025C	0x00F4      	MOVWF      R4
0x025D	0x3000      	MOVLW      0
0x025E	0x00F5      	MOVWF      R4+1
0x025F	0x082A      	MOVF       _year, 0
0x0260	0x00F0      	MOVWF      R0
0x0261	0x082B      	MOVF       _year+1, 0
0x0262	0x00F1      	MOVWF      R0+1
0x0263	0x20D8      	CALL       _Div_16x16_S
0x0264	0x0878      	MOVF       R8, 0
0x0265	0x00F0      	MOVWF      R0
0x0266	0x0879      	MOVF       R8+1, 0
0x0267	0x00F1      	MOVWF      R0+1
0x0268	0x3000      	MOVLW      0
0x0269	0x0671      	XORWF      R0+1, 0
0x026A	0x1D03      	BTFSS      STATUS, 2
0x026B	0x2A6E      	GOTO       L__set_date64
0x026C	0x3000      	MOVLW      0
0x026D	0x0670      	XORWF      R0, 0
L__set_date64:
0x026E	0x1D03      	BTFSS      STATUS, 2
0x026F	0x2A86      	GOTO       L__set_date42
0x0270	0x3090      	MOVLW      144
0x0271	0x00F4      	MOVWF      R4
0x0272	0x3001      	MOVLW      1
0x0273	0x00F5      	MOVWF      R4+1
0x0274	0x082A      	MOVF       _year, 0
0x0275	0x00F0      	MOVWF      R0
0x0276	0x082B      	MOVF       _year+1, 0
0x0277	0x00F1      	MOVWF      R0+1
0x0278	0x20D8      	CALL       _Div_16x16_S
0x0279	0x0878      	MOVF       R8, 0
0x027A	0x00F0      	MOVWF      R0
0x027B	0x0879      	MOVF       R8+1, 0
0x027C	0x00F1      	MOVWF      R0+1
0x027D	0x3000      	MOVLW      0
0x027E	0x0671      	XORWF      R0+1, 0
0x027F	0x1D03      	BTFSS      STATUS, 2
0x0280	0x2A83      	GOTO       L__set_date65
0x0281	0x3000      	MOVLW      0
0x0282	0x0670      	XORWF      R0, 0
L__set_date65:
0x0283	0x1903      	BTFSC      STATUS, 2
0x0284	0x2A86      	GOTO       L__set_date42
0x0285	0x2A87      	GOTO       L__set_date41
L__set_date42:
0x0286	0x2A8E      	GOTO       L_set_date21
L__set_date41:
L__set_date40:
;Digital_clock.c,84 :: 		month++;
0x0287	0x0AAC      	INCF       _month, 1
0x0288	0x1903      	BTFSC      STATUS, 2
0x0289	0x0AAD      	INCF       _month+1, 1
;Digital_clock.c,85 :: 		day = 1; // reset to 1 after 28 for non-leap years
0x028A	0x3001      	MOVLW      1
0x028B	0x00B4      	MOVWF      _day
0x028C	0x3000      	MOVLW      0
0x028D	0x00B5      	MOVWF      _day+1
;Digital_clock.c,86 :: 		}
L_set_date21:
L_set_date14:
L_set_date10:
L_set_date4:
;Digital_clock.c,87 :: 		if(month == 13){
0x028E	0x3000      	MOVLW      0
0x028F	0x062D      	XORWF      _month+1, 0
0x0290	0x1D03      	BTFSS      STATUS, 2
0x0291	0x2A94      	GOTO       L__set_date66
0x0292	0x300D      	MOVLW      13
0x0293	0x062C      	XORWF      _month, 0
L__set_date66:
0x0294	0x1D03      	BTFSS      STATUS, 2
0x0295	0x2A9D      	GOTO       L_set_date22
;Digital_clock.c,88 :: 		year++;                    //Increase no. of years after 12 months
0x0296	0x0AAA      	INCF       _year, 1
0x0297	0x1903      	BTFSC      STATUS, 2
0x0298	0x0AAB      	INCF       _year+1, 1
;Digital_clock.c,89 :: 		month = 1;
0x0299	0x3001      	MOVLW      1
0x029A	0x00AC      	MOVWF      _month
0x029B	0x3000      	MOVLW      0
0x029C	0x00AD      	MOVWF      _month+1
;Digital_clock.c,90 :: 		}
L_set_date22:
;Digital_clock.c,91 :: 		}
L_end_set_date:
0x029D	0x0008      	RETURN
; end of _set_date
_set_time_string:
;Digital_clock.c,33 :: 		void set_time_string(){
;Digital_clock.c,35 :: 		time[4] = min%10 + 48;
0x029E	0x300A      	MOVLW      10
0x029F	0x1283      	BCF        STATUS, 5
0x02A0	0x1303      	BCF        STATUS, 6
0x02A1	0x00F4      	MOVWF      R4
0x02A2	0x3000      	MOVLW      0
0x02A3	0x00F5      	MOVWF      R4+1
0x02A4	0x0832      	MOVF       _min, 0
0x02A5	0x00F0      	MOVWF      R0
0x02A6	0x0833      	MOVF       _min+1, 0
0x02A7	0x00F1      	MOVWF      R0+1
0x02A8	0x20D8      	CALL       _Div_16x16_S
0x02A9	0x0878      	MOVF       R8, 0
0x02AA	0x00F0      	MOVWF      R0
0x02AB	0x0879      	MOVF       R8+1, 0
0x02AC	0x00F1      	MOVWF      R0+1
0x02AD	0x3030      	MOVLW      48
0x02AE	0x0770      	ADDWF      R0, 0
0x02AF	0x00A5      	MOVWF      _time+4
;Digital_clock.c,36 :: 		time[3] = min/10 + 48;
0x02B0	0x300A      	MOVLW      10
0x02B1	0x00F4      	MOVWF      R4
0x02B2	0x3000      	MOVLW      0
0x02B3	0x00F5      	MOVWF      R4+1
0x02B4	0x0832      	MOVF       _min, 0
0x02B5	0x00F0      	MOVWF      R0
0x02B6	0x0833      	MOVF       _min+1, 0
0x02B7	0x00F1      	MOVWF      R0+1
0x02B8	0x20D8      	CALL       _Div_16x16_S
0x02B9	0x3030      	MOVLW      48
0x02BA	0x0770      	ADDWF      R0, 0
0x02BB	0x00A4      	MOVWF      _time+3
;Digital_clock.c,38 :: 		time[1] = hrs%10 + 48;
0x02BC	0x300A      	MOVLW      10
0x02BD	0x00F4      	MOVWF      R4
0x02BE	0x3000      	MOVLW      0
0x02BF	0x00F5      	MOVWF      R4+1
0x02C0	0x0830      	MOVF       _hrs, 0
0x02C1	0x00F0      	MOVWF      R0
0x02C2	0x0831      	MOVF       _hrs+1, 0
0x02C3	0x00F1      	MOVWF      R0+1
0x02C4	0x20D8      	CALL       _Div_16x16_S
0x02C5	0x0878      	MOVF       R8, 0
0x02C6	0x00F0      	MOVWF      R0
0x02C7	0x0879      	MOVF       R8+1, 0
0x02C8	0x00F1      	MOVWF      R0+1
0x02C9	0x3030      	MOVLW      48
0x02CA	0x0770      	ADDWF      R0, 0
0x02CB	0x00A2      	MOVWF      _time+1
;Digital_clock.c,39 :: 		time[0] = hrs/10 + 48;
0x02CC	0x300A      	MOVLW      10
0x02CD	0x00F4      	MOVWF      R4
0x02CE	0x3000      	MOVLW      0
0x02CF	0x00F5      	MOVWF      R4+1
0x02D0	0x0830      	MOVF       _hrs, 0
0x02D1	0x00F0      	MOVWF      R0
0x02D2	0x0831      	MOVF       _hrs+1, 0
0x02D3	0x00F1      	MOVWF      R0+1
0x02D4	0x20D8      	CALL       _Div_16x16_S
0x02D5	0x3030      	MOVLW      48
0x02D6	0x0770      	ADDWF      R0, 0
0x02D7	0x00A1      	MOVWF      _time
;Digital_clock.c,40 :: 		}
L_end_set_time_string:
0x02D8	0x0008      	RETURN
; end of _set_time_string
_adjust_Time_n_Date:
;Digital_clock.c,93 :: 		void adjust_Time_n_Date(){
;Digital_clock.c,94 :: 		if(PORTC.B0 == 1){        //Button for adjust minitues
0x02D9	0x1283      	BCF        STATUS, 5
0x02DA	0x1303      	BCF        STATUS, 6
0x02DB	0x1C07      	BTFSS      PORTC, 0
0x02DC	0x2AEE      	GOTO       L_adjust_Time_n_Date23
;Digital_clock.c,95 :: 		delay_ms(500);
0x02DD	0x3006      	MOVLW      6
0x02DE	0x00FB      	MOVWF      R11
0x02DF	0x3013      	MOVLW      19
0x02E0	0x00FC      	MOVWF      R12
0x02E1	0x30AD      	MOVLW      173
0x02E2	0x00FD      	MOVWF      R13
L_adjust_Time_n_Date24:
0x02E3	0x0BFD      	DECFSZ     R13, 1
0x02E4	0x2AE3      	GOTO       L_adjust_Time_n_Date24
0x02E5	0x0BFC      	DECFSZ     R12, 1
0x02E6	0x2AE3      	GOTO       L_adjust_Time_n_Date24
0x02E7	0x0BFB      	DECFSZ     R11, 1
0x02E8	0x2AE3      	GOTO       L_adjust_Time_n_Date24
0x02E9	0x0000      	NOP
0x02EA	0x0000      	NOP
;Digital_clock.c,96 :: 		min++;
0x02EB	0x0AB2      	INCF       _min, 1
0x02EC	0x1903      	BTFSC      STATUS, 2
0x02ED	0x0AB3      	INCF       _min+1, 1
;Digital_clock.c,97 :: 		}
L_adjust_Time_n_Date23:
;Digital_clock.c,98 :: 		if(PORTC.B1 == 1) {        //Button for adjust hours
0x02EE	0x1C87      	BTFSS      PORTC, 1
0x02EF	0x2AF3      	GOTO       L_adjust_Time_n_Date25
;Digital_clock.c,99 :: 		hrs++;
0x02F0	0x0AB0      	INCF       _hrs, 1
0x02F1	0x1903      	BTFSC      STATUS, 2
0x02F2	0x0AB1      	INCF       _hrs+1, 1
;Digital_clock.c,100 :: 		}
L_adjust_Time_n_Date25:
;Digital_clock.c,101 :: 		if(PORTC.B2 == 1) {       //Button for adjust days
0x02F3	0x1D07      	BTFSS      PORTC, 2
0x02F4	0x2AF8      	GOTO       L_adjust_Time_n_Date26
;Digital_clock.c,102 :: 		day++;
0x02F5	0x0AB4      	INCF       _day, 1
0x02F6	0x1903      	BTFSC      STATUS, 2
0x02F7	0x0AB5      	INCF       _day+1, 1
;Digital_clock.c,103 :: 		}
L_adjust_Time_n_Date26:
;Digital_clock.c,104 :: 		if(PORTC.B3 == 1) {        //Button for adjust months
0x02F8	0x1D87      	BTFSS      PORTC, 3
0x02F9	0x2AFD      	GOTO       L_adjust_Time_n_Date27
;Digital_clock.c,105 :: 		month++;
0x02FA	0x0AAC      	INCF       _month, 1
0x02FB	0x1903      	BTFSC      STATUS, 2
0x02FC	0x0AAD      	INCF       _month+1, 1
;Digital_clock.c,106 :: 		}
L_adjust_Time_n_Date27:
;Digital_clock.c,107 :: 		if(PORTC.B4 == 1) {       //Button for adjust years
0x02FD	0x1E07      	BTFSS      PORTC, 4
0x02FE	0x2B02      	GOTO       L_adjust_Time_n_Date28
;Digital_clock.c,108 :: 		year++;
0x02FF	0x0AAA      	INCF       _year, 1
0x0300	0x1903      	BTFSC      STATUS, 2
0x0301	0x0AAB      	INCF       _year+1, 1
;Digital_clock.c,109 :: 		}
L_adjust_Time_n_Date28:
;Digital_clock.c,111 :: 		}
L_end_adjust_Time_n_Date:
0x0302	0x0008      	RETURN
; end of _adjust_Time_n_Date
_Lcd_Chr:
;__Lib_Lcd.c,65 :: 		
;__Lib_Lcd.c,66 :: 		
0x0303	0x2B15      	GOTO       L_Lcd_Chr4
;__Lib_Lcd.c,67 :: 		
L_Lcd_Chr6:
0x0304	0x3080      	MOVLW      128
0x0305	0x1683      	BSF        STATUS, 5
0x0306	0x1303      	BCF        STATUS, 6
0x0307	0x00C3      	MOVWF      FARG_Lcd_Chr_row
0x0308	0x2B28      	GOTO       L_Lcd_Chr5
;__Lib_Lcd.c,68 :: 		
L_Lcd_Chr7:
0x0309	0x30C0      	MOVLW      192
0x030A	0x00C3      	MOVWF      FARG_Lcd_Chr_row
0x030B	0x2B28      	GOTO       L_Lcd_Chr5
;__Lib_Lcd.c,69 :: 		
L_Lcd_Chr8:
0x030C	0x3094      	MOVLW      148
0x030D	0x00C3      	MOVWF      FARG_Lcd_Chr_row
0x030E	0x2B28      	GOTO       L_Lcd_Chr5
;__Lib_Lcd.c,70 :: 		
L_Lcd_Chr9:
0x030F	0x30D4      	MOVLW      212
0x0310	0x00C3      	MOVWF      FARG_Lcd_Chr_row
0x0311	0x2B28      	GOTO       L_Lcd_Chr5
;__Lib_Lcd.c,71 :: 		
L_Lcd_Chr10:
0x0312	0x3080      	MOVLW      128
0x0313	0x00C3      	MOVWF      FARG_Lcd_Chr_row
;__Lib_Lcd.c,72 :: 		
0x0314	0x2B28      	GOTO       L_Lcd_Chr5
L_Lcd_Chr4:
0x0315	0x1683      	BSF        STATUS, 5
0x0316	0x1303      	BCF        STATUS, 6
0x0317	0x0843      	MOVF       FARG_Lcd_Chr_row, 0
0x0318	0x3A01      	XORLW      1
0x0319	0x1903      	BTFSC      STATUS, 2
0x031A	0x2B04      	GOTO       L_Lcd_Chr6
0x031B	0x0843      	MOVF       FARG_Lcd_Chr_row, 0
0x031C	0x3A02      	XORLW      2
0x031D	0x1903      	BTFSC      STATUS, 2
0x031E	0x2B09      	GOTO       L_Lcd_Chr7
0x031F	0x0843      	MOVF       FARG_Lcd_Chr_row, 0
0x0320	0x3A03      	XORLW      3
0x0321	0x1903      	BTFSC      STATUS, 2
0x0322	0x2B0C      	GOTO       L_Lcd_Chr8
0x0323	0x0843      	MOVF       FARG_Lcd_Chr_row, 0
0x0324	0x3A04      	XORLW      4
0x0325	0x1903      	BTFSC      STATUS, 2
0x0326	0x2B0F      	GOTO       L_Lcd_Chr9
0x0327	0x2B12      	GOTO       L_Lcd_Chr10
L_Lcd_Chr5:
;__Lib_Lcd.c,74 :: 		
0x0328	0x0344      	DECF       FARG_Lcd_Chr_column, 0
0x0329	0x00F0      	MOVWF      R0
0x032A	0x0843      	MOVF       FARG_Lcd_Chr_row, 0
0x032B	0x07F0      	ADDWF      R0, 1
0x032C	0x0870      	MOVF       R0, 0
0x032D	0x00C3      	MOVWF      FARG_Lcd_Chr_row
;__Lib_Lcd.c,76 :: 		
0x032E	0x1440      	BSF        __Lib_Lcd_cmd_status, BitPos(__Lib_Lcd_cmd_status+0)
;__Lib_Lcd.c,77 :: 		
0x032F	0x0870      	MOVF       R0, 0
0x0330	0x00CB      	MOVWF      FARG_Lcd_Cmd_out_char
0x0331	0x2045      	CALL       _Lcd_Cmd
;__Lib_Lcd.c,79 :: 		
0x0332	0x1683      	BSF        STATUS, 5
0x0333	0x1040      	BCF        __Lib_Lcd_cmd_status, BitPos(__Lib_Lcd_cmd_status+0)
;__Lib_Lcd.c,80 :: 		
0x0334	0x0845      	MOVF       FARG_Lcd_Chr_out_char, 0
0x0335	0x00CB      	MOVWF      FARG_Lcd_Cmd_out_char
0x0336	0x2045      	CALL       _Lcd_Cmd
;__Lib_Lcd.c,81 :: 		
0x0337	0x1683      	BSF        STATUS, 5
0x0338	0x1440      	BSF        __Lib_Lcd_cmd_status, BitPos(__Lib_Lcd_cmd_status+0)
;__Lib_Lcd.c,82 :: 		
L_end_Lcd_Chr:
0x0339	0x0008      	RETURN
; end of _Lcd_Chr
_initialize_code:
;Digital_clock.c,114 :: 		void initialize_code(){
;Digital_clock.c,115 :: 		TRISC = 1;   //portC - Inputs
0x033A	0x3001      	MOVLW      1
0x033B	0x1683      	BSF        STATUS, 5
0x033C	0x1303      	BCF        STATUS, 6
0x033D	0x0087      	MOVWF      TRISC
;Digital_clock.c,116 :: 		PORTC = 0;   //Value of PortC 0
0x033E	0x1283      	BCF        STATUS, 5
0x033F	0x0187      	CLRF       PORTC
;Digital_clock.c,118 :: 		Lcd_Init();
0x0340	0x2141      	CALL       _Lcd_Init
;Digital_clock.c,119 :: 		Lcd_Cmd(_LCD_CURSOR_OFF);  //Curser Off
0x0341	0x300C      	MOVLW      12
0x0342	0x00CB      	MOVWF      FARG_Lcd_Cmd_out_char
0x0343	0x2045      	CALL       _Lcd_Cmd
;Digital_clock.c,121 :: 		for(i=0;i<20;i++){
0x0344	0x1683      	BSF        STATUS, 5
0x0345	0x01BE      	CLRF       _i
0x0346	0x01BF      	CLRF       _i+1
L_initialize_code29:
0x0347	0x3080      	MOVLW      128
0x0348	0x063F      	XORWF      _i+1, 0
0x0349	0x00F0      	MOVWF      R0
0x034A	0x3080      	MOVLW      128
0x034B	0x0270      	SUBWF      R0, 0
0x034C	0x1D03      	BTFSS      STATUS, 2
0x034D	0x2B50      	GOTO       L__initialize_code69
0x034E	0x3014      	MOVLW      20
0x034F	0x023E      	SUBWF      _i, 0
L__initialize_code69:
0x0350	0x1803      	BTFSC      STATUS, 0
0x0351	0x2B72      	GOTO       L_initialize_code30
;Digital_clock.c,122 :: 		Lcd_Out(1,16,text1);                         // Write text in first row
0x0352	0x3001      	MOVLW      1
0x0353	0x00C6      	MOVWF      FARG_Lcd_Out_row
0x0354	0x3010      	MOVLW      16
0x0355	0x00C7      	MOVWF      FARG_Lcd_Out_column
0x0356	0x30A0      	MOVLW      _text1
0x0357	0x00C8      	MOVWF      FARG_Lcd_Out_text
0x0358	0x2190      	CALL       _Lcd_Out
;Digital_clock.c,123 :: 		Lcd_Out(2,16,text2);                        // Write text in second row
0x0359	0x3002      	MOVLW      2
0x035A	0x00C6      	MOVWF      FARG_Lcd_Out_row
0x035B	0x3010      	MOVLW      16
0x035C	0x00C7      	MOVWF      FARG_Lcd_Out_column
0x035D	0x304E      	MOVLW      _text2
0x035E	0x00C8      	MOVWF      FARG_Lcd_Out_text
0x035F	0x2190      	CALL       _Lcd_Out
;Digital_clock.c,124 :: 		Lcd_Cmd(_LCD_SHIFT_LEFT);                   // Move text to the left
0x0360	0x3018      	MOVLW      24
0x0361	0x00CB      	MOVWF      FARG_Lcd_Cmd_out_char
0x0362	0x2045      	CALL       _Lcd_Cmd
;Digital_clock.c,125 :: 		delay_ms(50);                               //shifting speed
0x0363	0x3082      	MOVLW      130
0x0364	0x00FC      	MOVWF      R12
0x0365	0x30DD      	MOVLW      221
0x0366	0x00FD      	MOVWF      R13
L_initialize_code32:
0x0367	0x0BFD      	DECFSZ     R13, 1
0x0368	0x2B67      	GOTO       L_initialize_code32
0x0369	0x0BFC      	DECFSZ     R12, 1
0x036A	0x2B67      	GOTO       L_initialize_code32
0x036B	0x0000      	NOP
0x036C	0x0000      	NOP
;Digital_clock.c,121 :: 		for(i=0;i<20;i++){
0x036D	0x1683      	BSF        STATUS, 5
0x036E	0x0ABE      	INCF       _i, 1
0x036F	0x1903      	BTFSC      STATUS, 2
0x0370	0x0ABF      	INCF       _i+1, 1
;Digital_clock.c,126 :: 		}
0x0371	0x2B47      	GOTO       L_initialize_code29
L_initialize_code30:
;Digital_clock.c,128 :: 		Lcd_Cmd( _LCD_CLEAR );                          //clear the display
0x0372	0x3001      	MOVLW      1
0x0373	0x00CB      	MOVWF      FARG_Lcd_Cmd_out_char
0x0374	0x2045      	CALL       _Lcd_Cmd
;Digital_clock.c,129 :: 		Lcd_out(1,5," Set the ");
0x0375	0x3001      	MOVLW      1
0x0376	0x1683      	BSF        STATUS, 5
0x0377	0x00C6      	MOVWF      FARG_Lcd_Out_row
0x0378	0x3005      	MOVLW      5
0x0379	0x00C7      	MOVWF      FARG_Lcd_Out_column
0x037A	0x30B2      	MOVLW      ?lstr1_Digital_clock
0x037B	0x00C8      	MOVWF      FARG_Lcd_Out_text
0x037C	0x2190      	CALL       _Lcd_Out
;Digital_clock.c,130 :: 		Lcd_out(2,4,"Date & Time");
0x037D	0x3002      	MOVLW      2
0x037E	0x00C6      	MOVWF      FARG_Lcd_Out_row
0x037F	0x3004      	MOVLW      4
0x0380	0x00C7      	MOVWF      FARG_Lcd_Out_column
0x0381	0x3064      	MOVLW      ?lstr2_Digital_clock
0x0382	0x00C8      	MOVWF      FARG_Lcd_Out_text
0x0383	0x2190      	CALL       _Lcd_Out
;Digital_clock.c,131 :: 		delay_ms(1000);
0x0384	0x300B      	MOVLW      11
0x0385	0x00FB      	MOVWF      R11
0x0386	0x3026      	MOVLW      38
0x0387	0x00FC      	MOVWF      R12
0x0388	0x305D      	MOVLW      93
0x0389	0x00FD      	MOVWF      R13
L_initialize_code33:
0x038A	0x0BFD      	DECFSZ     R13, 1
0x038B	0x2B8A      	GOTO       L_initialize_code33
0x038C	0x0BFC      	DECFSZ     R12, 1
0x038D	0x2B8A      	GOTO       L_initialize_code33
0x038E	0x0BFB      	DECFSZ     R11, 1
0x038F	0x2B8A      	GOTO       L_initialize_code33
0x0390	0x0000      	NOP
0x0391	0x0000      	NOP
;Digital_clock.c,133 :: 		Lcd_Cmd( _LCD_CLEAR );
0x0392	0x3001      	MOVLW      1
0x0393	0x00CB      	MOVWF      FARG_Lcd_Cmd_out_char
0x0394	0x2045      	CALL       _Lcd_Cmd
;Digital_clock.c,134 :: 		Lcd_Out(1,1, "Time");
0x0395	0x3001      	MOVLW      1
0x0396	0x1683      	BSF        STATUS, 5
0x0397	0x00C6      	MOVWF      FARG_Lcd_Out_row
0x0398	0x3001      	MOVLW      1
0x0399	0x00C7      	MOVWF      FARG_Lcd_Out_column
0x039A	0x303B      	MOVLW      ?lstr3_Digital_clock
0x039B	0x00C8      	MOVWF      FARG_Lcd_Out_text
0x039C	0x2190      	CALL       _Lcd_Out
;Digital_clock.c,135 :: 		Lcd_Out(2,1, "Date");
0x039D	0x3002      	MOVLW      2
0x039E	0x00C6      	MOVWF      FARG_Lcd_Out_row
0x039F	0x3001      	MOVLW      1
0x03A0	0x00C7      	MOVWF      FARG_Lcd_Out_column
0x03A1	0x3036      	MOVLW      ?lstr4_Digital_clock
0x03A2	0x00C8      	MOVWF      FARG_Lcd_Out_text
0x03A3	0x2190      	CALL       _Lcd_Out
;Digital_clock.c,137 :: 		T0CS_bit = 0;    // Set the clock source to internal clock cycle
0x03A4	0x1281      	BCF        T0CS_bit, BitPos(T0CS_bit+0)
;Digital_clock.c,138 :: 		PSA_bit = 0;     // Assign the pre-scaler to Timer0
0x03A5	0x1181      	BCF        PSA_bit, BitPos(PSA_bit+0)
;Digital_clock.c,139 :: 		PS0_bit = 1;     // Assign pre-scaler as 256
0x03A6	0x1401      	BSF        PS0_bit, BitPos(PS0_bit+0)
;Digital_clock.c,140 :: 		PS1_bit = 1;
0x03A7	0x1481      	BSF        PS1_bit, BitPos(PS1_bit+0)
;Digital_clock.c,141 :: 		PS2_bit = 1;
0x03A8	0x1501      	BSF        PS2_bit, BitPos(PS2_bit+0)
;Digital_clock.c,143 :: 		TMR0 = 190;          //cause of parital overflow
0x03A9	0x30BE      	MOVLW      190
0x03AA	0x1283      	BCF        STATUS, 5
0x03AB	0x0081      	MOVWF      TMR0
;Digital_clock.c,144 :: 		TMR0IF_bit = 0;
0x03AC	0x110B      	BCF        TMR0IF_bit, BitPos(TMR0IF_bit+0)
;Digital_clock.c,145 :: 		TMR0IE_bit = 1;
0x03AD	0x168B      	BSF        TMR0IE_bit, BitPos(TMR0IE_bit+0)
;Digital_clock.c,146 :: 		GIE_bit = 1;
0x03AE	0x178B      	BSF        GIE_bit, BitPos(GIE_bit+0)
;Digital_clock.c,147 :: 		}
L_end_initialize_code:
0x03AF	0x0008      	RETURN
; end of _initialize_code
___CC2DW:
;__Lib_System.c,134 :: 		
;__Lib_System.c,137 :: 		
_CC2D_Loop1:
;__Lib_System.c,139 :: 		
0x03B0	0x21D1      	CALL       _____DoICP
0x03B1	0x118A      	BCF        PCLATH, 3
0x03B2	0x120A      	BCF        PCLATH, 4
;__Lib_System.c,141 :: 		
0x03B3	0x0080      	MOVWF      INDF
;__Lib_System.c,142 :: 		
0x03B4	0x0A84      	INCF       FSR, 1
;__Lib_System.c,143 :: 		
0x03B5	0x0ABC      	INCF       ___DoICPAddr, 1
;__Lib_System.c,145 :: 		
0x03B6	0x1903      	BTFSC      STATUS, 2
;__Lib_System.c,146 :: 		
0x03B7	0x0ABD      	INCF       ___DoICPAddr+1, 1
;__Lib_System.c,147 :: 		
0x03B8	0x03F0      	DECF       R0, 1
;__Lib_System.c,149 :: 		
0x03B9	0x1D03      	BTFSS      STATUS, 2
;__Lib_System.c,150 :: 		
0x03BA	0x2BB0      	GOTO       _CC2D_Loop1
;__Lib_System.c,152 :: 		
L_end___CC2DW:
0x03BB	0x0008      	RETURN
; end of ___CC2DW
_set_time:
;Digital_clock.c,42 :: 		void set_time(){
;Digital_clock.c,43 :: 		if(sec==60){
0x03BC	0x3000      	MOVLW      0
0x03BD	0x1283      	BCF        STATUS, 5
0x03BE	0x1303      	BCF        STATUS, 6
0x03BF	0x062F      	XORWF      _sec+1, 0
0x03C0	0x1D03      	BTFSS      STATUS, 2
0x03C1	0x2BC4      	GOTO       L__set_time48
0x03C2	0x303C      	MOVLW      60
0x03C3	0x062E      	XORWF      _sec, 0
L__set_time48:
0x03C4	0x1D03      	BTFSS      STATUS, 2
0x03C5	0x2BCB      	GOTO       L_set_time0
;Digital_clock.c,44 :: 		min++;
0x03C6	0x0AB2      	INCF       _min, 1
0x03C7	0x1903      	BTFSC      STATUS, 2
0x03C8	0x0AB3      	INCF       _min+1, 1
;Digital_clock.c,45 :: 		sec = 0;
0x03C9	0x01AE      	CLRF       _sec
0x03CA	0x01AF      	CLRF       _sec+1
;Digital_clock.c,46 :: 		}
L_set_time0:
;Digital_clock.c,47 :: 		if(min==60){
0x03CB	0x3000      	MOVLW      0
0x03CC	0x0633      	XORWF      _min+1, 0
0x03CD	0x1D03      	BTFSS      STATUS, 2
0x03CE	0x2BD1      	GOTO       L__set_time49
0x03CF	0x303C      	MOVLW      60
0x03D0	0x0632      	XORWF      _min, 0
L__set_time49:
0x03D1	0x1D03      	BTFSS      STATUS, 2
0x03D2	0x2BD8      	GOTO       L_set_time1
;Digital_clock.c,48 :: 		hrs++;
0x03D3	0x0AB0      	INCF       _hrs, 1
0x03D4	0x1903      	BTFSC      STATUS, 2
0x03D5	0x0AB1      	INCF       _hrs+1, 1
;Digital_clock.c,49 :: 		min = 0;
0x03D6	0x01B2      	CLRF       _min
0x03D7	0x01B3      	CLRF       _min+1
;Digital_clock.c,50 :: 		}
L_set_time1:
;Digital_clock.c,51 :: 		if(hrs==24){
0x03D8	0x3000      	MOVLW      0
0x03D9	0x0631      	XORWF      _hrs+1, 0
0x03DA	0x1D03      	BTFSS      STATUS, 2
0x03DB	0x2BDE      	GOTO       L__set_time50
0x03DC	0x3018      	MOVLW      24
0x03DD	0x0630      	XORWF      _hrs, 0
L__set_time50:
0x03DE	0x1D03      	BTFSS      STATUS, 2
0x03DF	0x2BE5      	GOTO       L_set_time2
;Digital_clock.c,52 :: 		day++;
0x03E0	0x0AB4      	INCF       _day, 1
0x03E1	0x1903      	BTFSC      STATUS, 2
0x03E2	0x0AB5      	INCF       _day+1, 1
;Digital_clock.c,53 :: 		hrs = 0;
0x03E3	0x01B0      	CLRF       _hrs
0x03E4	0x01B1      	CLRF       _hrs+1
;Digital_clock.c,54 :: 		}
L_set_time2:
;Digital_clock.c,55 :: 		}
L_end_set_time:
0x03E5	0x0008      	RETURN
; end of _set_time
_set_date_string:
;Digital_clock.c,56 :: 		void set_date_string(){
;Digital_clock.c,57 :: 		date[0] = day/10 + 48;
0x03E6	0x300A      	MOVLW      10
0x03E7	0x1283      	BCF        STATUS, 5
0x03E8	0x1303      	BCF        STATUS, 6
0x03E9	0x00F4      	MOVWF      R4
0x03EA	0x3000      	MOVLW      0
0x03EB	0x00F5      	MOVWF      R4+1
0x03EC	0x0834      	MOVF       _day, 0
0x03ED	0x00F0      	MOVWF      R0
0x03EE	0x0835      	MOVF       _day+1, 0
0x03EF	0x00F1      	MOVWF      R0+1
0x03F0	0x20D8      	CALL       _Div_16x16_S
0x03F1	0x3030      	MOVLW      48
0x03F2	0x0770      	ADDWF      R0, 0
0x03F3	0x00C2      	MOVWF      _date
;Digital_clock.c,58 :: 		date[1] = day%10 + 48;
0x03F4	0x300A      	MOVLW      10
0x03F5	0x00F4      	MOVWF      R4
0x03F6	0x3000      	MOVLW      0
0x03F7	0x00F5      	MOVWF      R4+1
0x03F8	0x0834      	MOVF       _day, 0
0x03F9	0x00F0      	MOVWF      R0
0x03FA	0x0835      	MOVF       _day+1, 0
0x03FB	0x00F1      	MOVWF      R0+1
0x03FC	0x20D8      	CALL       _Div_16x16_S
0x03FD	0x0878      	MOVF       R8, 0
0x03FE	0x00F0      	MOVWF      R0
0x03FF	0x0879      	MOVF       R8+1, 0
0x0400	0x00F1      	MOVWF      R0+1
0x0401	0x3030      	MOVLW      48
0x0402	0x0770      	ADDWF      R0, 0
0x0403	0x00C3      	MOVWF      _date+1
;Digital_clock.c,60 :: 		date[3] = month/10 + 48;
0x0404	0x300A      	MOVLW      10
0x0405	0x00F4      	MOVWF      R4
0x0406	0x3000      	MOVLW      0
0x0407	0x00F5      	MOVWF      R4+1
0x0408	0x082C      	MOVF       _month, 0
0x0409	0x00F0      	MOVWF      R0
0x040A	0x082D      	MOVF       _month+1, 0
0x040B	0x00F1      	MOVWF      R0+1
0x040C	0x20D8      	CALL       _Div_16x16_S
0x040D	0x3030      	MOVLW      48
0x040E	0x0770      	ADDWF      R0, 0
0x040F	0x00C5      	MOVWF      _date+3
;Digital_clock.c,61 :: 		date[4] = month%10 + 48;
0x0410	0x300A      	MOVLW      10
0x0411	0x00F4      	MOVWF      R4
0x0412	0x3000      	MOVLW      0
0x0413	0x00F5      	MOVWF      R4+1
0x0414	0x082C      	MOVF       _month, 0
0x0415	0x00F0      	MOVWF      R0
0x0416	0x082D      	MOVF       _month+1, 0
0x0417	0x00F1      	MOVWF      R0+1
0x0418	0x20D8      	CALL       _Div_16x16_S
0x0419	0x0878      	MOVF       R8, 0
0x041A	0x00F0      	MOVWF      R0
0x041B	0x0879      	MOVF       R8+1, 0
0x041C	0x00F1      	MOVWF      R0+1
0x041D	0x3030      	MOVLW      48
0x041E	0x0770      	ADDWF      R0, 0
0x041F	0x00C6      	MOVWF      _date+4
;Digital_clock.c,63 :: 		date[6] = (year/1000) + 48;
0x0420	0x30E8      	MOVLW      232
0x0421	0x00F4      	MOVWF      R4
0x0422	0x3003      	MOVLW      3
0x0423	0x00F5      	MOVWF      R4+1
0x0424	0x082A      	MOVF       _year, 0
0x0425	0x00F0      	MOVWF      R0
0x0426	0x082B      	MOVF       _year+1, 0
0x0427	0x00F1      	MOVWF      R0+1
0x0428	0x20D8      	CALL       _Div_16x16_S
0x0429	0x3030      	MOVLW      48
0x042A	0x0770      	ADDWF      R0, 0
0x042B	0x00C8      	MOVWF      _date+6
;Digital_clock.c,64 :: 		date[7] = ((year/100)%10) + 48;
0x042C	0x3064      	MOVLW      100
0x042D	0x00F4      	MOVWF      R4
0x042E	0x3000      	MOVLW      0
0x042F	0x00F5      	MOVWF      R4+1
0x0430	0x082A      	MOVF       _year, 0
0x0431	0x00F0      	MOVWF      R0
0x0432	0x082B      	MOVF       _year+1, 0
0x0433	0x00F1      	MOVWF      R0+1
0x0434	0x20D8      	CALL       _Div_16x16_S
0x0435	0x300A      	MOVLW      10
0x0436	0x00F4      	MOVWF      R4
0x0437	0x3000      	MOVLW      0
0x0438	0x00F5      	MOVWF      R4+1
0x0439	0x20D8      	CALL       _Div_16x16_S
0x043A	0x0878      	MOVF       R8, 0
0x043B	0x00F0      	MOVWF      R0
0x043C	0x0879      	MOVF       R8+1, 0
0x043D	0x00F1      	MOVWF      R0+1
0x043E	0x3030      	MOVLW      48
0x043F	0x0770      	ADDWF      R0, 0
0x0440	0x00C9      	MOVWF      _date+7
;Digital_clock.c,65 :: 		date[8] = ((year/10)%10) + 48;
0x0441	0x300A      	MOVLW      10
0x0442	0x00F4      	MOVWF      R4
0x0443	0x3000      	MOVLW      0
0x0444	0x00F5      	MOVWF      R4+1
0x0445	0x082A      	MOVF       _year, 0
0x0446	0x00F0      	MOVWF      R0
0x0447	0x082B      	MOVF       _year+1, 0
0x0448	0x00F1      	MOVWF      R0+1
0x0449	0x20D8      	CALL       _Div_16x16_S
0x044A	0x300A      	MOVLW      10
0x044B	0x00F4      	MOVWF      R4
0x044C	0x3000      	MOVLW      0
0x044D	0x00F5      	MOVWF      R4+1
0x044E	0x20D8      	CALL       _Div_16x16_S
0x044F	0x0878      	MOVF       R8, 0
0x0450	0x00F0      	MOVWF      R0
0x0451	0x0879      	MOVF       R8+1, 0
0x0452	0x00F1      	MOVWF      R0+1
0x0453	0x3030      	MOVLW      48
0x0454	0x0770      	ADDWF      R0, 0
0x0455	0x00CA      	MOVWF      _date+8
;Digital_clock.c,66 :: 		date[9] = (year%10) + 48;
0x0456	0x300A      	MOVLW      10
0x0457	0x00F4      	MOVWF      R4
0x0458	0x3000      	MOVLW      0
0x0459	0x00F5      	MOVWF      R4+1
0x045A	0x082A      	MOVF       _year, 0
0x045B	0x00F0      	MOVWF      R0
0x045C	0x082B      	MOVF       _year+1, 0
0x045D	0x00F1      	MOVWF      R0+1
0x045E	0x20D8      	CALL       _Div_16x16_S
0x045F	0x0878      	MOVF       R8, 0
0x0460	0x00F0      	MOVWF      R0
0x0461	0x0879      	MOVF       R8+1, 0
0x0462	0x00F1      	MOVWF      R0+1
0x0463	0x3030      	MOVLW      48
0x0464	0x0770      	ADDWF      R0, 0
0x0465	0x00CB      	MOVWF      _date+9
;Digital_clock.c,67 :: 		}
L_end_set_date_string:
0x0466	0x0008      	RETURN
; end of _set_date_string
_main:
0x0467	0x251A      	CALL       1306
;Digital_clock.c,163 :: 		void main() {
;Digital_clock.c,164 :: 		initialize_code();
0x0468	0x233A      	CALL       _initialize_code
;Digital_clock.c,165 :: 		while(1){
L_main36:
;Digital_clock.c,166 :: 		set_time();
0x0469	0x23BC      	CALL       _set_time
;Digital_clock.c,167 :: 		set_time_string();
0x046A	0x229E      	CALL       _set_time_string
;Digital_clock.c,168 :: 		set_date();
0x046B	0x21D8      	CALL       _set_date
;Digital_clock.c,169 :: 		set_date_string();
0x046C	0x23E6      	CALL       _set_date_string
;Digital_clock.c,171 :: 		adjust_Time_n_Date();  //adjust date and time
0x046D	0x22D9      	CALL       _adjust_Time_n_Date
;Digital_clock.c,173 :: 		Lcd_Out(1,6,time);   //display time
0x046E	0x3001      	MOVLW      1
0x046F	0x1683      	BSF        STATUS, 5
0x0470	0x00C6      	MOVWF      FARG_Lcd_Out_row
0x0471	0x3006      	MOVLW      6
0x0472	0x00C7      	MOVWF      FARG_Lcd_Out_column
0x0473	0x3021      	MOVLW      _time
0x0474	0x00C8      	MOVWF      FARG_Lcd_Out_text
0x0475	0x2190      	CALL       _Lcd_Out
;Digital_clock.c,174 :: 		Lcd_Out(2,6,date);    //display date
0x0476	0x3002      	MOVLW      2
0x0477	0x00C6      	MOVWF      FARG_Lcd_Out_row
0x0478	0x3006      	MOVLW      6
0x0479	0x00C7      	MOVWF      FARG_Lcd_Out_column
0x047A	0x3042      	MOVLW      _date
0x047B	0x00C8      	MOVWF      FARG_Lcd_Out_text
0x047C	0x2190      	CALL       _Lcd_Out
;Digital_clock.c,175 :: 		Lcd_Chr(1, 8, ' ');  // clear the colon
0x047D	0x3001      	MOVLW      1
0x047E	0x00C3      	MOVWF      FARG_Lcd_Chr_row
0x047F	0x3008      	MOVLW      8
0x0480	0x00C4      	MOVWF      FARG_Lcd_Chr_column
0x0481	0x3020      	MOVLW      32
0x0482	0x00C5      	MOVWF      FARG_Lcd_Chr_out_char
0x0483	0x2303      	CALL       _Lcd_Chr
;Digital_clock.c,176 :: 		Delay_ms(250);       // delay for 250 ms
0x0484	0x3003      	MOVLW      3
0x0485	0x00FB      	MOVWF      R11
0x0486	0x308A      	MOVLW      138
0x0487	0x00FC      	MOVWF      R12
0x0488	0x3055      	MOVLW      85
0x0489	0x00FD      	MOVWF      R13
L_main38:
0x048A	0x0BFD      	DECFSZ     R13, 1
0x048B	0x2C8A      	GOTO       L_main38
0x048C	0x0BFC      	DECFSZ     R12, 1
0x048D	0x2C8A      	GOTO       L_main38
0x048E	0x0BFB      	DECFSZ     R11, 1
0x048F	0x2C8A      	GOTO       L_main38
0x0490	0x0000      	NOP
0x0491	0x0000      	NOP
;Digital_clock.c,177 :: 		Lcd_Chr(1, 8, ':');
0x0492	0x3001      	MOVLW      1
0x0493	0x00C3      	MOVWF      FARG_Lcd_Chr_row
0x0494	0x3008      	MOVLW      8
0x0495	0x00C4      	MOVWF      FARG_Lcd_Chr_column
0x0496	0x303A      	MOVLW      58
0x0497	0x00C5      	MOVWF      FARG_Lcd_Chr_out_char
0x0498	0x2303      	CALL       _Lcd_Chr
;Digital_clock.c,178 :: 		Delay_ms(250);
0x0499	0x3003      	MOVLW      3
0x049A	0x00FB      	MOVWF      R11
0x049B	0x308A      	MOVLW      138
0x049C	0x00FC      	MOVWF      R12
0x049D	0x3055      	MOVLW      85
0x049E	0x00FD      	MOVWF      R13
L_main39:
0x049F	0x0BFD      	DECFSZ     R13, 1
0x04A0	0x2C9F      	GOTO       L_main39
0x04A1	0x0BFC      	DECFSZ     R12, 1
0x04A2	0x2C9F      	GOTO       L_main39
0x04A3	0x0BFB      	DECFSZ     R11, 1
0x04A4	0x2C9F      	GOTO       L_main39
0x04A5	0x0000      	NOP
0x04A6	0x0000      	NOP
;Digital_clock.c,179 :: 		}
0x04A7	0x2C69      	GOTO       L_main36
;Digital_clock.c,181 :: 		}
L_end_main:
0x04A8	0x2CA8      	GOTO       $+0
; end of _main
0x051A	0x3021      	MOVLW      33
0x051B	0x0084      	MOVWF      FSR
0x051C	0x3043      	MOVLW      67
0x051D	0x1283      	BCF        STATUS, 5
0x051E	0x1303      	BCF        STATUS, 6
0x051F	0x00F0      	MOVWF      R0
0x0520	0x30AE      	MOVLW      174
0x0521	0x1683      	BSF        STATUS, 5
0x0522	0x00BC      	MOVWF      ___DoICPAddr
0x0523	0x3004      	MOVLW      4
0x0524	0x00BD      	MOVWF      189
0x0525	0x23B0      	CALL       944
0x0526	0x30A0      	MOVLW      160
0x0527	0x0084      	MOVWF      FSR
0x0528	0x3012      	MOVLW      18
0x0529	0x00F0      	MOVWF      R0
0x052A	0x30F1      	MOVLW      241
0x052B	0x1683      	BSF        STATUS, 5
0x052C	0x00BC      	MOVWF      ___DoICPAddr
0x052D	0x3004      	MOVLW      4
0x052E	0x00BD      	MOVWF      189
0x052F	0x23B0      	CALL       944
0x0530	0x3064      	MOVLW      100
0x0531	0x0084      	MOVWF      FSR
0x0532	0x300C      	MOVLW      12
0x0533	0x00F0      	MOVWF      R0
0x0534	0x3003      	MOVLW      3
0x0535	0x1683      	BSF        STATUS, 5
0x0536	0x00BC      	MOVWF      ___DoICPAddr
0x0537	0x3005      	MOVLW      5
0x0538	0x00BD      	MOVWF      189
0x0539	0x23B0      	CALL       944
0x053A	0x30B2      	MOVLW      178
0x053B	0x0084      	MOVWF      FSR
0x053C	0x300A      	MOVLW      10
0x053D	0x00F0      	MOVWF      R0
0x053E	0x300F      	MOVLW      15
0x053F	0x1683      	BSF        STATUS, 5
0x0540	0x00BC      	MOVWF      ___DoICPAddr
0x0541	0x3005      	MOVLW      5
0x0542	0x00BD      	MOVWF      189
0x0543	0x23B0      	CALL       944
0x0544	0x0008      	RETURN
;Digital_clock.c,0 :: ?ICS_time
0x04AE	0x3468 ;?ICS_time+0
0x04AF	0x3468 ;?ICS_time+1
0x04B0	0x343A ;?ICS_time+2
0x04B1	0x346D ;?ICS_time+3
0x04B2	0x346D ;?ICS_time+4
0x04B3	0x3400 ;?ICS_time+5
0x04B4	0x3400 ;?ICS_time+6
0x04B5	0x3400 ;?ICS_time+7
0x04B6	0x3400 ;?ICS_time+8
; end of ?ICS_time
;Digital_clock.c,0 :: ?ICS_year
0x04B7	0x34E7 ;?ICS_year+0
0x04B8	0x3407 ;?ICS_year+1
; end of ?ICS_year
;Digital_clock.c,0 :: ?ICS_month
0x04B9	0x3402 ;?ICS_month+0
0x04BA	0x3400 ;?ICS_month+1
; end of ?ICS_month
;Digital_clock.c,0 :: ?ICS_sec
0x04BB	0x3400 ;?ICS_sec+0
0x04BC	0x3400 ;?ICS_sec+1
; end of ?ICS_sec
;Digital_clock.c,0 :: ?ICS_hrs
0x04BD	0x3400 ;?ICS_hrs+0
0x04BE	0x3400 ;?ICS_hrs+1
; end of ?ICS_hrs
;Digital_clock.c,0 :: ?ICS_min
0x04BF	0x3400 ;?ICS_min+0
0x04C0	0x3400 ;?ICS_min+1
; end of ?ICS_min
;Digital_clock.c,0 :: ?ICS_day
0x04C1	0x341B ;?ICS_day+0
0x04C2	0x3400 ;?ICS_day+1
; end of ?ICS_day
;Digital_clock.c,0 :: ?ICS?lstr4_Digital_clock
0x04C3	0x3444 ;?ICS?lstr4_Digital_clock+0
0x04C4	0x3461 ;?ICS?lstr4_Digital_clock+1
0x04C5	0x3474 ;?ICS?lstr4_Digital_clock+2
0x04C6	0x3465 ;?ICS?lstr4_Digital_clock+3
0x04C7	0x3400 ;?ICS?lstr4_Digital_clock+4
; end of ?ICS?lstr4_Digital_clock
;Digital_clock.c,0 :: ?ICS?lstr3_Digital_clock
0x04C8	0x3454 ;?ICS?lstr3_Digital_clock+0
0x04C9	0x3469 ;?ICS?lstr3_Digital_clock+1
0x04CA	0x346D ;?ICS?lstr3_Digital_clock+2
0x04CB	0x3465 ;?ICS?lstr3_Digital_clock+3
0x04CC	0x3400 ;?ICS?lstr3_Digital_clock+4
; end of ?ICS?lstr3_Digital_clock
;Digital_clock.c,0 :: ?ICS_overflows
0x04CD	0x3400 ;?ICS_overflows+0
0x04CE	0x3400 ;?ICS_overflows+1
; end of ?ICS_overflows
;Digital_clock.c,0 :: ?ICS_date
0x04CF	0x3464 ;?ICS_date+0
0x04D0	0x3464 ;?ICS_date+1
0x04D1	0x343A ;?ICS_date+2
0x04D2	0x346D ;?ICS_date+3
0x04D3	0x346D ;?ICS_date+4
0x04D4	0x343A ;?ICS_date+5
0x04D5	0x3479 ;?ICS_date+6
0x04D6	0x3479 ;?ICS_date+7
0x04D7	0x3479 ;?ICS_date+8
0x04D8	0x3479 ;?ICS_date+9
0x04D9	0x3400 ;?ICS_date+10
0x04DA	0x3400 ;?ICS_date+11
; end of ?ICS_date
;Digital_clock.c,0 :: ?ICS_text2
0x04DB	0x3444 ;?ICS_text2+0
0x04DC	0x3445 ;?ICS_text2+1
0x04DD	0x3453 ;?ICS_text2+2
0x04DE	0x3449 ;?ICS_text2+3
0x04DF	0x3447 ;?ICS_text2+4
0x04E0	0x344E ;?ICS_text2+5
0x04E1	0x3445 ;?ICS_text2+6
0x04E2	0x3444 ;?ICS_text2+7
0x04E3	0x3420 ;?ICS_text2+8
0x04E4	0x3442 ;?ICS_text2+9
0x04E5	0x3459 ;?ICS_text2+10
0x04E6	0x3420 ;?ICS_text2+11
0x04E7	0x3441 ;?ICS_text2+12
0x04E8	0x3441 ;?ICS_text2+13
0x04E9	0x3432 ;?ICS_text2+14
0x04EA	0x3431 ;?ICS_text2+15
0x04EB	0x3436 ;?ICS_text2+16
0x04EC	0x3433 ;?ICS_text2+17
0x04ED	0x3420 ;?ICS_text2+18
0x04EE	0x3420 ;?ICS_text2+19
0x04EF	0x3420 ;?ICS_text2+20
0x04F0	0x3400 ;?ICS_text2+21
; end of ?ICS_text2
;Digital_clock.c,0 :: ?ICS_text1
0x04F1	0x3420 ;?ICS_text1+0
0x04F2	0x3420 ;?ICS_text1+1
0x04F3	0x3444 ;?ICS_text1+2
0x04F4	0x3449 ;?ICS_text1+3
0x04F5	0x3447 ;?ICS_text1+4
0x04F6	0x3449 ;?ICS_text1+5
0x04F7	0x3454 ;?ICS_text1+6
0x04F8	0x3441 ;?ICS_text1+7
0x04F9	0x344C ;?ICS_text1+8
0x04FA	0x3420 ;?ICS_text1+9
0x04FB	0x3443 ;?ICS_text1+10
0x04FC	0x344C ;?ICS_text1+11
0x04FD	0x344F ;?ICS_text1+12
0x04FE	0x3443 ;?ICS_text1+13
0x04FF	0x344B ;?ICS_text1+14
0x0500	0x3420 ;?ICS_text1+15
0x0501	0x3420 ;?ICS_text1+16
0x0502	0x3400 ;?ICS_text1+17
; end of ?ICS_text1
;Digital_clock.c,0 :: ?ICS?lstr2_Digital_clock
0x0503	0x3444 ;?ICS?lstr2_Digital_clock+0
0x0504	0x3461 ;?ICS?lstr2_Digital_clock+1
0x0505	0x3474 ;?ICS?lstr2_Digital_clock+2
0x0506	0x3465 ;?ICS?lstr2_Digital_clock+3
0x0507	0x3420 ;?ICS?lstr2_Digital_clock+4
0x0508	0x3426 ;?ICS?lstr2_Digital_clock+5
0x0509	0x3420 ;?ICS?lstr2_Digital_clock+6
0x050A	0x3454 ;?ICS?lstr2_Digital_clock+7
0x050B	0x3469 ;?ICS?lstr2_Digital_clock+8
0x050C	0x346D ;?ICS?lstr2_Digital_clock+9
0x050D	0x3465 ;?ICS?lstr2_Digital_clock+10
0x050E	0x3400 ;?ICS?lstr2_Digital_clock+11
; end of ?ICS?lstr2_Digital_clock
;Digital_clock.c,0 :: ?ICS?lstr1_Digital_clock
0x050F	0x3420 ;?ICS?lstr1_Digital_clock+0
0x0510	0x3453 ;?ICS?lstr1_Digital_clock+1
0x0511	0x3465 ;?ICS?lstr1_Digital_clock+2
0x0512	0x3474 ;?ICS?lstr1_Digital_clock+3
0x0513	0x3420 ;?ICS?lstr1_Digital_clock+4
0x0514	0x3474 ;?ICS?lstr1_Digital_clock+5
0x0515	0x3468 ;?ICS?lstr1_Digital_clock+6
0x0516	0x3465 ;?ICS?lstr1_Digital_clock+7
0x0517	0x3420 ;?ICS?lstr1_Digital_clock+8
0x0518	0x3400 ;?ICS?lstr1_Digital_clock+9
; end of ?ICS?lstr1_Digital_clock
Symbol List:
//** Routines locations **
//ADDRESS    SIZE    PROCEDURE
//----------------------------------------------
0x0004      [42]    _interrupt
0x002E       [3]    _Delay_1us
0x0031      [13]    _Delay_5500us
0x003E       [7]    _Delay_50us
0x0045      [94]    _Lcd_Cmd
0x00A3      [44]    _Div_16x16_S_L
0x00CF       [9]    _Lcd_Chr_CP
0x00D8     [105]    _Div_16x16_S
0x0141      [79]    _Lcd_Init
0x0190      [65]    _Lcd_Out
0x01D1       [7]    _____DoICP
0x01D8     [198]    _set_date
0x029E      [59]    _set_time_string
0x02D9      [42]    _adjust_Time_n_Date
0x0303      [55]    _Lcd_Chr
0x033A     [118]    _initialize_code
0x03B0      [12]    ___CC2DW
0x03BC      [42]    _set_time
0x03E6     [129]    _set_date_string
0x0467      [65]    _main
//** Variables locations ** 
//ADDRESS    SIZE    VARIABLE
//----------------------------------------------
0x0000       [1]    INDF
0x0001       [1]    TMR0
0x0002       [1]    PCL
0x0003       [1]    STATUS
0x0004       [1]    FSR
0x0006       [0]    RB4_bit
0x0006       [0]    RB5_bit
0x0006       [0]    RB3_bit
0x0006       [0]    RB2_bit
0x0006       [0]    RB1_bit
0x0006       [0]    RB0_bit
0x0006       [0]    LCD_D5
0x0006       [0]    LCD_D4
0x0006       [0]    LCD_D7
0x0006       [0]    LCD_D6
0x0006       [0]    LCD_RS
0x0006       [0]    LCD_EN
0x0007       [1]    PORTC
0x000A       [1]    PCLATH
0x000B       [0]    TMR0IE_bit
0x000B       [0]    GIE_bit
0x000B       [0]    TMR0IF_bit
0x0021       [9]    _time
0x002A       [2]    _year
0x002C       [2]    _month
0x002E       [2]    _sec
0x0030       [2]    _hrs
0x0032       [2]    _min
0x0034       [2]    _day
0x0036       [5]    ?lstr4_Digital_clock
0x003B       [5]    ?lstr3_Digital_clock
0x0040       [2]    _overflows
0x0042      [12]    _date
0x004E      [22]    _text2
0x0064      [12]    ?lstr2_Digital_clock
0x0070       [1]    R0
0x0071       [1]    R1
0x0072       [1]    R2
0x0073       [1]    R3
0x0074       [1]    R4
0x0075       [1]    R5
0x0076       [1]    R6
0x0077       [1]    R7
0x0078       [1]    R8
0x0079       [1]    R9
0x007A       [1]    R10
0x007B       [1]    R11
0x007C       [1]    R12
0x007D       [1]    R13
0x007E       [1]    R14
0x007F       [1]    R15
0x0081       [0]    T0CS_bit
0x0081       [0]    PSA_bit
0x0081       [0]    PS0_bit
0x0081       [0]    PS1_bit
0x0081       [0]    PS2_bit
0x0086       [0]    TRISB4_bit
0x0086       [0]    TRISB3_bit
0x0086       [0]    TRISB5_bit
0x0086       [0]    LCD_D6_Direction
0x0086       [0]    LCD_D7_Direction
0x0086       [0]    LCD_D5_Direction
0x0086       [0]    LCD_RS_Direction
0x0086       [0]    LCD_EN_Direction
0x0086       [0]    LCD_D4_Direction
0x0086       [0]    TRISB1_bit
0x0086       [0]    TRISB2_bit
0x0086       [0]    TRISB0_bit
0x0087       [1]    TRISC
0x00A0      [18]    _text1
0x00B2      [10]    ?lstr1_Digital_clock
0x00BC       [2]    ___DoICPAddr
0x00BE       [2]    _i
0x00C0       [0]    __Lib_Lcd_cmd_status
0x00C1       [1]    ___saveSTATUS
0x00C2       [1]    ___savePCLATH
0x00C3       [1]    FARG_Lcd_Chr_row
0x00C4       [1]    FARG_Lcd_Chr_column
0x00C5       [1]    FARG_Lcd_Chr_out_char
0x00C6       [1]    FARG_Lcd_Out_row
0x00C7       [1]    FARG_Lcd_Out_column
0x00C8       [1]    FARG_Lcd_Out_text
0x00C9       [1]    Lcd_Out_i_L0
0x00CA       [1]    FARG_Lcd_Chr_CP_out_char
0x00CB       [1]    FARG_Lcd_Cmd_out_char
//** Constants locations ** 
//ADDRESS    SIZE    CONSTANT
//----------------------------------------------
0x04AE       [9]    ?ICS_time
0x04B7       [2]    ?ICS_year
0x04B9       [2]    ?ICS_month
0x04BB       [2]    ?ICS_sec
0x04BD       [2]    ?ICS_hrs
0x04BF       [2]    ?ICS_min
0x04C1       [2]    ?ICS_day
0x04C3       [5]    ?ICS?lstr4_Digital_clock
0x04C8       [5]    ?ICS?lstr3_Digital_clock
0x04CD       [2]    ?ICS_overflows
0x04CF      [12]    ?ICS_date
0x04DB      [22]    ?ICS_text2
0x04F1      [18]    ?ICS_text1
0x0503      [12]    ?ICS?lstr2_Digital_clock
0x050F      [10]    ?ICS?lstr1_Digital_clock
